1643519281003	geckodriver	INFO	Listening on 127.0.0.1:55179
1643519284061	mozrunner::runner	INFO	Running command: "C:\\Program Files\\Mozilla Firefox\\firefox.exe" "--marionette" "-no-remote" "-profile" "C:\\Users\\Rajan\\AppData\\Local\\Temp\\rust_mozprofileES9plt"
1643519284467	Marionette	INFO	Marionette enabled
console.warn: SearchSettings: "get: No settings file exists, new profile?" (new NotFoundError("Could not open the file at C:\\Users\\Rajan\\AppData\\Local\\Temp\\rust_mozprofileES9plt\\search.json.mozlz4", (void 0)))
1643519286088	Marionette	INFO	Listening on port 55187
1643519286109	RemoteAgent	WARN	TLS certificate errors will be ignored for this session
console.warn: LoginRecipes: "getRecipes: falling back to a synchronous message for:" "https://stackoverflow.com"
console.warn: LoginRecipes: "getRecipes: falling back to a synchronous message for:" "https://stackoverflow.com"
console.warn: LoginRecipes: "getRecipes: falling back to a synchronous message for:" "https://stackoverflow.com"
console.warn: LoginRecipes: "getRecipes: falling back to a synchronous message for:" "https://accounts.google.com"
console.warn: LoginRecipes: "getRecipes: falling back to a synchronous message for:" "https://accounts.google.com"
JavaScript warning: https://accounts.google.com/o/oauth2/auth?client_id=717762328687-iludtf96g1hinl76e4lc1b9a82g457nn.apps.googleusercontent.com&scope=profile+email&redirect_uri=https%3a%2f%2fstackauth.com%2fauth%2foauth2%2fgoogle&state=%7b%22sid%22%3a1%2c%22st%22%3a%2259%3a3%3abbc%2c16%3a9ce427e3967fa25f%2c10%3a1643519292%2c16%3a5c5cc3040de2864c%2c76e103472d753f88ebda22645afc4e4116bd6f5e2654e59aa10844b830a28dfa%22%2c%22cid%22%3a%22717762328687-iludtf96g1hinl76e4lc1b9a82g457nn.apps.googleusercontent.com%22%2c%22k%22%3a%22Google%22%2c%22ses%22%3a%22c27ce8e01339453c87bf4452c2dbebec%22%7d&response_type=code line 1 > eval line 3331 > eval, line 1: WEBGL_debug_renderer_info is deprecated in Firefox and will be removed. Please use RENDERER.
console.warn: LoginRecipes: "getRecipes: falling back to a synchronous message for:" "https://accounts.google.com"
JavaScript warning: https://accounts.google.com/o/oauth2/auth?client_id=717762328687-iludtf96g1hinl76e4lc1b9a82g457nn.apps.googleusercontent.com&scope=profile+email&redirect_uri=https%3a%2f%2fstackauth.com%2fauth%2foauth2%2fgoogle&state=%7b%22sid%22%3a1%2c%22st%22%3a%2259%3a3%3abbc%2c16%3a9ce427e3967fa25f%2c10%3a1643519292%2c16%3a5c5cc3040de2864c%2c76e103472d753f88ebda22645afc4e4116bd6f5e2654e59aa10844b830a28dfa%22%2c%22cid%22%3a%22717762328687-iludtf96g1hinl76e4lc1b9a82g457nn.apps.googleusercontent.com%22%2c%22k%22%3a%22Google%22%2c%22ses%22%3a%22c27ce8e01339453c87bf4452c2dbebec%22%7d&response_type=code line 1 > eval line 1216 > eval, line 1: WEBGL_debug_renderer_info is deprecated in Firefox and will be removed. Please use RENDERER.
console.warn: LoginRecipes: "getRecipes: falling back to a synchronous message for:" "https://accounts.google.com"
console.warn: LoginRecipes: "getRecipes: falling back to a synchronous message for:" "https://accounts.google.com"
JavaScript error: resource://gre/modules/LoginManagerParent.jsm, line 136: TypeError: gRecipeManager is null
console.warn: LoginRecipes: "getRecipes: falling back to a synchronous message for:" "https://accounts.google.com"
JavaScript error: resource://gre/modules/LoginManagerParent.jsm, line 136: TypeError: gRecipeManager is null
1643519300053	Marionette	WARN	Ignoring event 'DOMContentLoaded' because document has an invalid readyState of 'complete'.
JavaScript warning: https://meet.google.com/_/scs/mss-static/_/js/k=boq-rtc.MeetingsUi.en.1nTDxp9su3I.2020.O/ck=boq-rtc.MeetingsUi.PvjT-QkijoU.L.F4.O/am=wgFggABIwwAEgFD0ZxEgLACCAAAAGHAgkx8AAACAwAAEnAFggCQQAAgCCMgMAKhgAAD-BBCAQcAAAAE/d=1/exm=LEikZe,_b,_tp,byfTOb,lsjVmc/excm=_b,_tp,calldesktoppageview/esmo=1/ed=1/wt=2/rs=AL5CKSF_1YgRHaPavf0y3I803cC_zVyLlA/ee=cEt90b:ws9Tlc;yxTchf:KUM7Z;qddgKe:xQtZb;uY49fb:COQbmf;Oj465e:KG2eXe;nAFL3:s39S4;oGtAuc:sOXFj;iFQyKf:QIhFr;SVOR2e:RqS4qe;wR5FRb:O1Gjze;dIoSBb:SpsfSb;BjCzpe:Yvr34d;j2rcye:KiD3i;RYWUUc:anescc;BVZWad:llTWPd;kqpyR:oFF0ab;gAClPb:ghdkwd;ZaFVgc:wOWhl;b3iZcb:celsfc;h315Eb:VkDogc;giw6qf:EcLnpd;iKsOgb:cWjcJb;eBAeSb:zbML3c;CG6AQc:krpgkb;hoquJe:EjBUIf;MJ6mxb:ubdYZ;BRmVff:HS5Yaf;PRDQhf:ux3mLc;zWcMwf:K9Wjeb;rUAape:NePQb;w1T0Td:xpWMVc;l6twR:Fvyyad;SIjcAd:jrKD8b;jtBjNe:dWHZee;lJ7cgb:Erp0q;NSEoX:lazG7b;X6zUkd:u0z0vd;cFl0Ie:PWJipc;cYTQve:bmEjgc;rI0Pr:Cqvedd;x2i2de:zeWni;BVdD3:kUrwYe;brLlgb:SCXWAb;reHXFb:qZ6i3c;XLRw3e:OcCk8d;brg6Gd:TlvL3b;YBihAb:oeIFub;esl3oe:Qz2vJf;dYFttf:ZRxAzc;NPKaK:SdcwHb;LBgRLc:SdcwHb;zxnPse:GkRiKb;EVNhjf:pw70Gc;vKM7Jb:cWjcJb;io8t5d:yDVVkb;j7137d:KG2eXe;ul9GGd:JrBFQb;sP4Vbe:VwDzFe;kMFpHd:blwjVc;pXdRYb:MdUzUe;SNUn3:ZwDk9d/m=n73qwf,ws9Tlc,IZT63,e5qFLc,GkRiKb,UUJqVe,O1Gjze,xUdipf,blwjVc,fKUV3e,aurFic,COQbmf,U0aPgd,ZwDk9d,V3dDOb,mI3LFb,XU5LFb,m9oV,hl,rrm,jKHFJb,WO9ee,T6U9J,lHoXXe,SFhYHb,rsr,oFF0ab,sVRBvb,AePfdf,KiD3i,RqS4qe,t8N1l,k2r0oe,nUMwj,FMq9Lb,g1cBhf,O6y8ed,PrPYRd,MpJwZc,NwH0H,OmgaI,lazG7b,g9HNd,MsyKad,ma,tQz2Ve,Yvr34d,XVMNvd,L1AAkb,KUM7Z,lfpdyf,Fl2dbf,fFdwef,GcAaod,rn9YO,Y0bgVb,s39S4,lwddkf,gychg,w9hDv,RMhBfe,tgTcU,lAg79c,TH1Apc,FJm4Gb,SdcwHb,aW3pY,P1S3zf,DM8swd,pw70Gc,EFQ78c,Ulmmrd,ZfAoz,mdR7q,Ivl8bd,kbLDWb,MdUzUe,I6YDgd,N5Lqpc,fgj8Rb,xQtZb,y4Nztd,gJzDyc,JNoxi,MI6k7c,kjKdXe,texUgd,xGC4Gb,llTWPd,EcLnpd,QIhFr,FYCkde,hKSk3e,FSOnAf,wfcdnd,cilABe,qexExd,DNsE7e,jdrlZe,sIckOb,swpmp,gtEOic,sszRX,wiZ2v,QQnX0,PQaYAf,oUdseb,sPwFo,CJeEuc,tZtmyd,Tnlgmf,dWHZee,LTMqbe,CvtcN,uRj5Ac,DPQwOe,DDvSYd,NNJERe,lPKSwe,hc6Ubd,IVuTze,yF5Ngd,Z7OaKe,ggZMAe,Lamzc,yDVVkb,SpsfSb,cWjcJb,zthRrb,NHietc,LgZW9b,Y87did,fPeTAb,KG2eXe,zbML3c,zbU9W,alwr6,Ebsiqd,ixOrqc,dlck6b,kmkrAf,n5Xbsc,Uas9Hd,BVgquf,a9EW5e,VwDzFe,JGjVRe,hIO81e,A7fCU,pjICDe, line 1716: WEBGL_debug_renderer_info is deprecated in Firefox and will be removed. Please use RENDERER.
[Child 14200, MediaDecoderStateMachine #1] WARNING: 29dc6f0f200 Could not set cubeb stream name.: file /builds/worker/checkouts/gecko/dom/media/AudioStream.cpp:367
1643519640945	geckodriver	INFO	Listening on 127.0.0.1:50061
1643519644007	mozrunner::runner	INFO	Running command: "C:\\Program Files\\Mozilla Firefox\\firefox.exe" "--marionette" "-no-remote" "-profile" "C:\\Users\\Rajan\\AppData\\Local\\Temp\\rust_mozprofileA8g9qP"
1643519644473	Marionette	INFO	Marionette enabled
console.warn: SearchSettings: "get: No settings file exists, new profile?" (new NotFoundError("Could not open the file at C:\\Users\\Rajan\\AppData\\Local\\Temp\\rust_mozprofileA8g9qP\\search.json.mozlz4", (void 0)))
1643519646094	Marionette	INFO	Listening on port 50069
1643519646158	RemoteAgent	WARN	TLS certificate errors will be ignored for this session
console.warn: LoginRecipes: "getRecipes: falling back to a synchronous message for:" "https://stackoverflow.com"
console.warn: LoginRecipes: "getRecipes: falling back to a synchronous message for:" "https://stackoverflow.com"
console.warn: LoginRecipes: "getRecipes: falling back to a synchronous message for:" "https://stackoverflow.com"
console.warn: LoginRecipes: "getRecipes: falling back to a synchronous message for:" "https://accounts.google.com"
console.warn: LoginRecipes: "getRecipes: falling back to a synchronous message for:" "https://accounts.google.com"
JavaScript warning: https://accounts.google.com/o/oauth2/auth?client_id=717762328687-iludtf96g1hinl76e4lc1b9a82g457nn.apps.googleusercontent.com&scope=profile+email&redirect_uri=https%3a%2f%2fstackauth.com%2fauth%2foauth2%2fgoogle&state=%7b%22sid%22%3a1%2c%22st%22%3a%2259%3a3%3abbc%2c16%3a23a8503b715e9c47%2c10%3a1643519652%2c16%3ac5176b4c3bafd005%2cef6b035278e7b83a051720e347b6ff8380e5d73384db54f72d54e38158747545%22%2c%22cid%22%3a%22717762328687-iludtf96g1hinl76e4lc1b9a82g457nn.apps.googleusercontent.com%22%2c%22k%22%3a%22Google%22%2c%22ses%22%3a%224e1fbdd218a14efc988853bf9d32e478%22%7d&response_type=code line 1 > eval line 6075 > eval, line 1: WEBGL_debug_renderer_info is deprecated in Firefox and will be removed. Please use RENDERER.
console.warn: LoginRecipes: "getRecipes: falling back to a synchronous message for:" "https://accounts.google.com"
JavaScript warning: https://accounts.google.com/o/oauth2/auth?client_id=717762328687-iludtf96g1hinl76e4lc1b9a82g457nn.apps.googleusercontent.com&scope=profile+email&redirect_uri=https%3a%2f%2fstackauth.com%2fauth%2foauth2%2fgoogle&state=%7b%22sid%22%3a1%2c%22st%22%3a%2259%3a3%3abbc%2c16%3a23a8503b715e9c47%2c10%3a1643519652%2c16%3ac5176b4c3bafd005%2cef6b035278e7b83a051720e347b6ff8380e5d73384db54f72d54e38158747545%22%2c%22cid%22%3a%22717762328687-iludtf96g1hinl76e4lc1b9a82g457nn.apps.googleusercontent.com%22%2c%22k%22%3a%22Google%22%2c%22ses%22%3a%224e1fbdd218a14efc988853bf9d32e478%22%7d&response_type=code line 1 > eval line 2838 > eval, line 1: WEBGL_debug_renderer_info is deprecated in Firefox and will be removed. Please use RENDERER.
console.warn: LoginRecipes: "getRecipes: falling back to a synchronous message for:" "https://accounts.google.com"
console.warn: LoginRecipes: "getRecipes: falling back to a synchronous message for:" "https://accounts.google.com"
JavaScript error: resource://gre/modules/LoginManagerParent.jsm, line 136: TypeError: gRecipeManager is null
console.warn: LoginRecipes: "getRecipes: falling back to a synchronous message for:" "https://accounts.google.com"
JavaScript error: resource://gre/modules/LoginManagerParent.jsm, line 136: TypeError: gRecipeManager is null
1643519659634	Marionette	WARN	Ignoring event 'DOMContentLoaded' because document has an invalid readyState of 'complete'.
JavaScript warning: https://meet.google.com/_/scs/mss-static/_/js/k=boq-rtc.MeetingsUi.en.1nTDxp9su3I.2020.O/ck=boq-rtc.MeetingsUi.PvjT-QkijoU.L.F4.O/am=wgFggABIwwAEgFD0ZxEgLACCAAAAGHAgkx8AAACAwAAEnAFggCQQAAgCCMgMAKhgAAD-BJCAQcAAAAE/d=1/exm=LEikZe,_b,_tp,byfTOb,lsjVmc/excm=_b,_tp,calldesktoppageview/esmo=1/ed=1/wt=2/rs=AL5CKSEfMDKOyyOTVtLI6suWJqn900HtKw/ee=cEt90b:ws9Tlc;yxTchf:KUM7Z;qddgKe:xQtZb;uY49fb:COQbmf;Oj465e:KG2eXe;nAFL3:s39S4;oGtAuc:sOXFj;iFQyKf:QIhFr;SVOR2e:RqS4qe;wR5FRb:O1Gjze;dIoSBb:SpsfSb;BjCzpe:Yvr34d;j2rcye:KiD3i;RYWUUc:anescc;BVZWad:llTWPd;kqpyR:oFF0ab;gAClPb:ghdkwd;ZaFVgc:wOWhl;b3iZcb:celsfc;h315Eb:VkDogc;giw6qf:EcLnpd;iKsOgb:cWjcJb;eBAeSb:zbML3c;CG6AQc:krpgkb;hoquJe:EjBUIf;MJ6mxb:ubdYZ;BRmVff:HS5Yaf;PRDQhf:ux3mLc;zWcMwf:K9Wjeb;rUAape:NePQb;w1T0Td:xpWMVc;l6twR:Fvyyad;SIjcAd:jrKD8b;jtBjNe:dWHZee;lJ7cgb:Erp0q;NSEoX:lazG7b;X6zUkd:u0z0vd;cFl0Ie:PWJipc;cYTQve:bmEjgc;rI0Pr:Cqvedd;x2i2de:zeWni;BVdD3:kUrwYe;brLlgb:SCXWAb;reHXFb:qZ6i3c;XLRw3e:OcCk8d;brg6Gd:TlvL3b;YBihAb:oeIFub;esl3oe:Qz2vJf;dYFttf:ZRxAzc;NPKaK:SdcwHb;LBgRLc:SdcwHb;zxnPse:GkRiKb;EVNhjf:pw70Gc;vKM7Jb:cWjcJb;io8t5d:yDVVkb;j7137d:KG2eXe;ul9GGd:JrBFQb;sP4Vbe:VwDzFe;kMFpHd:blwjVc;pXdRYb:MdUzUe;SNUn3:ZwDk9d/m=n73qwf,ws9Tlc,IZT63,e5qFLc,GkRiKb,UUJqVe,O1Gjze,xUdipf,blwjVc,fKUV3e,aurFic,COQbmf,U0aPgd,ZwDk9d,V3dDOb,mI3LFb,XU5LFb,m9oV,hl,rrm,jKHFJb,WO9ee,T6U9J,lHoXXe,SFhYHb,rsr,oFF0ab,sVRBvb,AePfdf,KiD3i,RqS4qe,t8N1l,k2r0oe,nUMwj,FMq9Lb,g1cBhf,O6y8ed,PrPYRd,MpJwZc,NwH0H,OmgaI,lazG7b,g9HNd,MsyKad,ma,tQz2Ve,Yvr34d,XVMNvd,L1AAkb,KUM7Z,lfpdyf,Fl2dbf,fFdwef,GcAaod,rn9YO,Y0bgVb,s39S4,lwddkf,gychg,w9hDv,RMhBfe,tgTcU,lAg79c,TH1Apc,FJm4Gb,SdcwHb,aW3pY,P1S3zf,DM8swd,pw70Gc,EFQ78c,Ulmmrd,ZfAoz,mdR7q,Ivl8bd,kbLDWb,MdUzUe,I6YDgd,N5Lqpc,fgj8Rb,xQtZb,y4Nztd,gJzDyc,JNoxi,MI6k7c,kjKdXe,texUgd,xGC4Gb,llTWPd,EcLnpd,QIhFr,FYCkde,hKSk3e,FSOnAf,wfcdnd,cilABe,qexExd,DNsE7e,jdrlZe,sIckOb,swpmp,gtEOic,sszRX,wiZ2v,QQnX0,PQaYAf,oUdseb,sPwFo,CJeEuc,tZtmyd,Tnlgmf,dWHZee,LTMqbe,CvtcN,uRj5Ac,DPQwOe,DDvSYd,NNJERe,lPKSwe,hc6Ubd,IVuTze,yF5Ngd,Z7OaKe,ggZMAe,Lamzc,yDVVkb,SpsfSb,cWjcJb,zthRrb,NHietc,LgZW9b,Y87did,fPeTAb,KG2eXe,zbML3c,zbU9W,alwr6,Ebsiqd,ixOrqc,dlck6b,kmkrAf,n5Xbsc,Uas9Hd,BVgquf,a9EW5e,VwDzFe,JGjVRe,hIO81e,A7fCU,pjICDe, line 1716: WEBGL_debug_renderer_info is deprecated in Firefox and will be removed. Please use RENDERER.
[Child 12016, MediaDecoderStateMachine #1] WARNING: 1e3575673c0 Could not set cubeb stream name.: file /builds/worker/checkouts/gecko/dom/media/AudioStream.cpp:367
1643520360190	geckodriver	INFO	Listening on 127.0.0.1:50456
1643520363238	mozrunner::runner	INFO	Running command: "C:\\Program Files\\Mozilla Firefox\\firefox.exe" "--marionette" "-no-remote" "-profile" "C:\\Users\\Rajan\\AppData\\Local\\Temp\\rust_mozprofile6KqlrV"
1643520363656	Marionette	INFO	Marionette enabled
console.warn: SearchSettings: "get: No settings file exists, new profile?" (new NotFoundError("Could not open the file at C:\\Users\\Rajan\\AppData\\Local\\Temp\\rust_mozprofile6KqlrV\\search.json.mozlz4", (void 0)))
1643520365305	Marionette	INFO	Listening on port 50465
1643520365397	RemoteAgent	WARN	TLS certificate errors will be ignored for this session
console.warn: LoginRecipes: "getRecipes: falling back to a synchronous message for:" "https://stackoverflow.com"
console.warn: LoginRecipes: "getRecipes: falling back to a synchronous message for:" "https://stackoverflow.com"
console.warn: LoginRecipes: "getRecipes: falling back to a synchronous message for:" "https://stackoverflow.com"
console.warn: LoginRecipes: "getRecipes: falling back to a synchronous message for:" "https://accounts.google.com"
console.warn: LoginRecipes: "getRecipes: falling back to a synchronous message for:" "https://accounts.google.com"
JavaScript warning: https://accounts.google.com/o/oauth2/auth?client_id=717762328687-iludtf96g1hinl76e4lc1b9a82g457nn.apps.googleusercontent.com&scope=profile+email&redirect_uri=https%3a%2f%2fstackauth.com%2fauth%2foauth2%2fgoogle&state=%7b%22sid%22%3a1%2c%22st%22%3a%2259%3a3%3abbc%2c16%3ae7ce383e64749c9e%2c10%3a1643520371%2c16%3af14df4ac03aee6b9%2c88edbb47dff0ea62e74f3f6d3bb99c1d28f468a4c8b59598b88213b4c1902e53%22%2c%22cid%22%3a%22717762328687-iludtf96g1hinl76e4lc1b9a82g457nn.apps.googleusercontent.com%22%2c%22k%22%3a%22Google%22%2c%22ses%22%3a%2206bc8e03e40f42fa92c2c33f47016909%22%7d&response_type=code line 1 > eval line 1664 > eval, line 1: WEBGL_debug_renderer_info is deprecated in Firefox and will be removed. Please use RENDERER.
console.warn: LoginRecipes: "getRecipes: falling back to a synchronous message for:" "https://accounts.google.com"
JavaScript warning: https://accounts.google.com/o/oauth2/auth?client_id=717762328687-iludtf96g1hinl76e4lc1b9a82g457nn.apps.googleusercontent.com&scope=profile+email&redirect_uri=https%3a%2f%2fstackauth.com%2fauth%2foauth2%2fgoogle&state=%7b%22sid%22%3a1%2c%22st%22%3a%2259%3a3%3abbc%2c16%3ae7ce383e64749c9e%2c10%3a1643520371%2c16%3af14df4ac03aee6b9%2c88edbb47dff0ea62e74f3f6d3bb99c1d28f468a4c8b59598b88213b4c1902e53%22%2c%22cid%22%3a%22717762328687-iludtf96g1hinl76e4lc1b9a82g457nn.apps.googleusercontent.com%22%2c%22k%22%3a%22Google%22%2c%22ses%22%3a%2206bc8e03e40f42fa92c2c33f47016909%22%7d&response_type=code line 1 > eval line 3370 > eval, line 1: WEBGL_debug_renderer_info is deprecated in Firefox and will be removed. Please use RENDERER.
console.warn: LoginRecipes: "getRecipes: falling back to a synchronous message for:" "https://accounts.google.com"
console.warn: LoginRecipes: "getRecipes: falling back to a synchronous message for:" "https://accounts.google.com"
JavaScript error: resource://gre/modules/LoginManagerParent.jsm, line 136: TypeError: gRecipeManager is null
console.warn: LoginRecipes: "getRecipes: falling back to a synchronous message for:" "https://accounts.google.com"
JavaScript error: resource://gre/modules/LoginManagerParent.jsm, line 136: TypeError: gRecipeManager is null
1643520380341	Marionette	WARN	Ignoring event 'DOMContentLoaded' because document has an invalid readyState of 'complete'.
JavaScript warning: https://meet.google.com/_/scs/mss-static/_/js/k=boq-rtc.MeetingsUi.en.1nTDxp9su3I.2020.O/ck=boq-rtc.MeetingsUi.PvjT-QkijoU.L.F4.O/am=wgFggABIwwAEgFD0ZxEgLACCAAAAGHAgkx8AAACAwAAEnAFggCQQAAgCCMgMAKhgAAD-BJCAQcAAAAE/d=1/exm=LEikZe,_b,_tp,byfTOb,lsjVmc/excm=_b,_tp,calldesktoppageview/esmo=1/ed=1/wt=2/rs=AL5CKSEfMDKOyyOTVtLI6suWJqn900HtKw/ee=cEt90b:ws9Tlc;yxTchf:KUM7Z;qddgKe:xQtZb;uY49fb:COQbmf;Oj465e:KG2eXe;nAFL3:s39S4;oGtAuc:sOXFj;iFQyKf:QIhFr;SVOR2e:RqS4qe;wR5FRb:O1Gjze;dIoSBb:SpsfSb;BjCzpe:Yvr34d;j2rcye:KiD3i;RYWUUc:anescc;BVZWad:llTWPd;kqpyR:oFF0ab;gAClPb:ghdkwd;ZaFVgc:wOWhl;b3iZcb:celsfc;h315Eb:VkDogc;giw6qf:EcLnpd;iKsOgb:cWjcJb;eBAeSb:zbML3c;CG6AQc:krpgkb;hoquJe:EjBUIf;MJ6mxb:ubdYZ;BRmVff:HS5Yaf;PRDQhf:ux3mLc;zWcMwf:K9Wjeb;rUAape:NePQb;w1T0Td:xpWMVc;l6twR:Fvyyad;SIjcAd:jrKD8b;jtBjNe:dWHZee;lJ7cgb:Erp0q;NSEoX:lazG7b;X6zUkd:u0z0vd;cFl0Ie:PWJipc;cYTQve:bmEjgc;rI0Pr:Cqvedd;x2i2de:zeWni;BVdD3:kUrwYe;brLlgb:SCXWAb;reHXFb:qZ6i3c;XLRw3e:OcCk8d;brg6Gd:TlvL3b;YBihAb:oeIFub;esl3oe:Qz2vJf;dYFttf:ZRxAzc;NPKaK:SdcwHb;LBgRLc:SdcwHb;zxnPse:GkRiKb;EVNhjf:pw70Gc;vKM7Jb:cWjcJb;io8t5d:yDVVkb;j7137d:KG2eXe;ul9GGd:JrBFQb;sP4Vbe:VwDzFe;kMFpHd:blwjVc;pXdRYb:MdUzUe;SNUn3:ZwDk9d/m=n73qwf,ws9Tlc,IZT63,e5qFLc,GkRiKb,UUJqVe,O1Gjze,xUdipf,blwjVc,fKUV3e,aurFic,COQbmf,U0aPgd,ZwDk9d,V3dDOb,mI3LFb,XU5LFb,m9oV,hl,rrm,jKHFJb,WO9ee,T6U9J,lHoXXe,SFhYHb,rsr,oFF0ab,sVRBvb,AePfdf,KiD3i,RqS4qe,t8N1l,k2r0oe,nUMwj,FMq9Lb,g1cBhf,O6y8ed,PrPYRd,MpJwZc,NwH0H,OmgaI,lazG7b,g9HNd,MsyKad,ma,tQz2Ve,Yvr34d,XVMNvd,L1AAkb,KUM7Z,lfpdyf,Fl2dbf,fFdwef,GcAaod,rn9YO,Y0bgVb,s39S4,lwddkf,gychg,w9hDv,RMhBfe,tgTcU,lAg79c,TH1Apc,FJm4Gb,SdcwHb,aW3pY,P1S3zf,DM8swd,pw70Gc,EFQ78c,Ulmmrd,ZfAoz,mdR7q,Ivl8bd,kbLDWb,MdUzUe,I6YDgd,N5Lqpc,fgj8Rb,xQtZb,y4Nztd,gJzDyc,JNoxi,MI6k7c,kjKdXe,texUgd,xGC4Gb,llTWPd,EcLnpd,QIhFr,FYCkde,hKSk3e,FSOnAf,wfcdnd,cilABe,qexExd,DNsE7e,jdrlZe,sIckOb,swpmp,gtEOic,sszRX,wiZ2v,QQnX0,PQaYAf,oUdseb,sPwFo,CJeEuc,tZtmyd,Tnlgmf,dWHZee,LTMqbe,CvtcN,uRj5Ac,DPQwOe,DDvSYd,NNJERe,lPKSwe,hc6Ubd,IVuTze,yF5Ngd,Z7OaKe,ggZMAe,Lamzc,yDVVkb,SpsfSb,cWjcJb,zthRrb,NHietc,LgZW9b,Y87did,fPeTAb,KG2eXe,zbML3c,zbU9W,alwr6,Ebsiqd,ixOrqc,dlck6b,kmkrAf,n5Xbsc,Uas9Hd,BVgquf,a9EW5e,VwDzFe,JGjVRe,hIO81e,A7fCU,pjICDe, line 1716: WEBGL_debug_renderer_info is deprecated in Firefox and will be removed. Please use RENDERER.
[Child 14980, MediaDecoderStateMachine #1] WARNING: 1b56dcc1e40 Could not set cubeb stream name.: file /builds/worker/checkouts/gecko/dom/media/AudioStream.cpp:367
JavaScript error: , line 0: uncaught exception: Object
JavaScript error: , line 0: uncaught exception: Object
JavaScript error: , line 0: uncaught exception: Object
JavaScript error: , line 0: uncaught exception: Object
JavaScript error: , line 0: uncaught exception: Object
JavaScript error: , line 0: uncaught exception: Object
JavaScript error: , line 0: uncaught exception: Object
JavaScript error: , line 0: uncaught exception: Object
JavaScript error: , line 0: uncaught exception: Object
JavaScript error: , line 0: uncaught exception: Object
JavaScript error: , line 0: uncaught exception: Object
[Child 14980, MediaDecoderStateMachine #1] WARNING: 1b56c29ac80 Could not set cubeb stream name.: file /builds/worker/checkouts/gecko/dom/media/AudioStream.cpp:367
JavaScript warning: https://meet.google.com/_/scs/mss-static/_/js/k=boq-rtc.MeetingsUi.en.1nTDxp9su3I.2020.O/ck=boq-rtc.MeetingsUi.PvjT-QkijoU.L.F4.O/am=wgFggABIwwAEgFD0ZxEgLACCAAAAGHAgkx8AAACAwAAEnAFggCQQAAgCCMgMAKhgAAD-BBCAQcAAAAE/d=1/exm=LEikZe,_b,_tp,byfTOb,lsjVmc/excm=_b,_tp,calldesktoppageview/esmo=1/ed=1/wt=2/rs=AL5CKSF_1YgRHaPavf0y3I803cC_zVyLlA/ee=cEt90b:ws9Tlc;yxTchf:KUM7Z;qddgKe:xQtZb;uY49fb:COQbmf;Oj465e:KG2eXe;nAFL3:s39S4;oGtAuc:sOXFj;iFQyKf:QIhFr;SVOR2e:RqS4qe;wR5FRb:O1Gjze;dIoSBb:SpsfSb;BjCzpe:Yvr34d;j2rcye:KiD3i;RYWUUc:anescc;BVZWad:llTWPd;kqpyR:oFF0ab;gAClPb:ghdkwd;ZaFVgc:wOWhl;b3iZcb:celsfc;h315Eb:VkDogc;giw6qf:EcLnpd;iKsOgb:cWjcJb;eBAeSb:zbML3c;CG6AQc:krpgkb;hoquJe:EjBUIf;MJ6mxb:ubdYZ;BRmVff:HS5Yaf;PRDQhf:ux3mLc;zWcMwf:K9Wjeb;rUAape:NePQb;w1T0Td:xpWMVc;l6twR:Fvyyad;SIjcAd:jrKD8b;jtBjNe:dWHZee;lJ7cgb:Erp0q;NSEoX:lazG7b;X6zUkd:u0z0vd;cFl0Ie:PWJipc;cYTQve:bmEjgc;rI0Pr:Cqvedd;x2i2de:zeWni;BVdD3:kUrwYe;brLlgb:SCXWAb;reHXFb:qZ6i3c;XLRw3e:OcCk8d;brg6Gd:TlvL3b;YBihAb:oeIFub;esl3oe:Qz2vJf;dYFttf:ZRxAzc;NPKaK:SdcwHb;LBgRLc:SdcwHb;zxnPse:GkRiKb;EVNhjf:pw70Gc;vKM7Jb:cWjcJb;io8t5d:yDVVkb;j7137d:KG2eXe;ul9GGd:JrBFQb;sP4Vbe:VwDzFe;kMFpHd:blwjVc;pXdRYb:MdUzUe;SNUn3:ZwDk9d/m=n73qwf,ws9Tlc,IZT63,e5qFLc,GkRiKb,UUJqVe,O1Gjze,xUdipf,blwjVc,fKUV3e,aurFic,COQbmf,U0aPgd,ZwDk9d,V3dDOb,mI3LFb,XU5LFb,m9oV,hl,rrm,jKHFJb,WO9ee,T6U9J,lHoXXe,SFhYHb,rsr,oFF0ab,sVRBvb,AePfdf,KiD3i,RqS4qe,t8N1l,k2r0oe,nUMwj,FMq9Lb,g1cBhf,O6y8ed,PrPYRd,MpJwZc,NwH0H,OmgaI,lazG7b,g9HNd,MsyKad,ma,tQz2Ve,Yvr34d,XVMNvd,L1AAkb,KUM7Z,lfpdyf,Fl2dbf,fFdwef,GcAaod,rn9YO,Y0bgVb,s39S4,lwddkf,gychg,w9hDv,RMhBfe,tgTcU,lAg79c,TH1Apc,FJm4Gb,SdcwHb,aW3pY,P1S3zf,DM8swd,pw70Gc,EFQ78c,Ulmmrd,ZfAoz,mdR7q,Ivl8bd,kbLDWb,MdUzUe,I6YDgd,N5Lqpc,fgj8Rb,xQtZb,y4Nztd,gJzDyc,JNoxi,MI6k7c,kjKdXe,texUgd,xGC4Gb,llTWPd,EcLnpd,QIhFr,FYCkde,hKSk3e,FSOnAf,wfcdnd,cilABe,qexExd,DNsE7e,jdrlZe,sIckOb,swpmp,gtEOic,sszRX,wiZ2v,QQnX0,PQaYAf,oUdseb,sPwFo,CJeEuc,tZtmyd,Tnlgmf,dWHZee,LTMqbe,CvtcN,uRj5Ac,DPQwOe,DDvSYd,NNJERe,lPKSwe,hc6Ubd,IVuTze,yF5Ngd,Z7OaKe,ggZMAe,Lamzc,yDVVkb,SpsfSb,cWjcJb,zthRrb,NHietc,LgZW9b,Y87did,fPeTAb,KG2eXe,zbML3c,zbU9W,alwr6,Ebsiqd,ixOrqc,dlck6b,kmkrAf,n5Xbsc,Uas9Hd,BVgquf,a9EW5e,VwDzFe,JGjVRe,hIO81e,A7fCU,pjICDe, line 1716: WEBGL_debug_renderer_info is deprecated in Firefox and will be removed. Please use RENDERER.
[Child 14980, MediaDecoderStateMachine #1] WARNING: 1b6f5c3d900 Could not set cubeb stream name.: file /builds/worker/checkouts/gecko/dom/media/AudioStream.cpp:367
[Child 14980, MediaDecoderStateMachine #1] WARNING: 1b56c8794a0 Could not set cubeb stream name.: file /builds/worker/checkouts/gecko/dom/media/AudioStream.cpp:367
JavaScript error: , line 0: uncaught exception: Object
JavaScript error: , line 0: uncaught exception: Object
JavaScript error: , line 0: uncaught exception: Object
JavaScript error: , line 0: uncaught exception: Object
JavaScript error: , line 0: uncaught exception: Object
JavaScript error: , line 0: uncaught exception: Object
JavaScript error: , line 0: uncaught exception: Object
JavaScript error: , line 0: uncaught exception: Object
JavaScript error: https://meet.google.com/_/scs/mss-static/_/js/k=boq-rtc.MeetingsUi.en.1nTDxp9su3I.2020.O/ck=boq-rtc.MeetingsUi.PvjT-QkijoU.L.F4.O/am=wgFggABIwwAEgFD0ZxEgLACCAAAAGHAgkx8AAACAwAAEnAFggCQQAAgCCMgMAKhgAAD-BBCAQcAAAAE/d=1/exm=A4UTCb,A5S1ke,A5iG7e,A7fCU,AB46N,AWtnvb,AePfdf,Af18Qe,AkrDd,AwTKuc,B7GAwe,BA3Upd,BVgquf,BkO9Cc,CFgMee,CIOF9b,CJeEuc,COQbmf,Cami9d,CvtcN,D1tHje,DDvSYd,DFTXbf,DJnhFb,DM8swd,DNsE7e,DPQwOe,DXNtBd,DXtw0b,DdaHJ,Dib0Wc,DqbA0b,E2pBMd,EBgPec,EFQ78c,ERK1md,ERqcie,ES310d,Ebsiqd,EcLnpd,F36Cxf,F7XGef,FCpbqb,FJm4Gb,FMq9Lb,FSOnAf,FTqKPb,FYCkde,FfyUY,FgkHjb,Fl2dbf,G2zYh,GByuGf,GFartf,GQnsGd,GYy8Jf,GZl2nc,GbCwJb,GcAaod,Gh2GSc,GkRiKb,GmiWp,H6MKue,H9H6ie,HBEM0c,HRWIlc,HTP19d,HVHelf,Hc5Hj,HvUaK,I1e4Rd,I6YDgd,INaVSd,IVuTze,IZT63,IiC5yd,Ivl8bd,IzyXsb,J3CtX,J9XL6b,JAn4Qc,JGjVRe,JNoxi,JcQhEd,JxSxic,KG2eXe,KMpyYe,KUM7Z,KiD3i,Kv5Jfc,L1AAkb,L93bwe,LEikZe,LNk4Ie,LTMqbe,LVLuje,LWJCCe,Lamzc,LgZW9b,MI6k7c,MSrVSe,MdUzUe,MpJwZc,MsyKad,Mxctyb,N5Lqpc,N704ud,NHietc,NM37W,NNJERe,NQxT7b,Nl3T7,NvDIYd,NwH0H,O1Gjze,O6y8ed,O8J9ib,OAfLne,OTI3Bf,OmgaI,P1S3zf,P8eaqc,PQaYAf,PcYCFc,Pkd1Pe,PrPYRd,Q5Skvf,QIhFr,QQnX0,QUIVrf,QWZd7,QiPMDc,QqJ8Gd,R1C50e,R7qDP,RAnnUd,RMhBfe,RSdeyc,RYIi3b,ReyjE,RklU4,RqS4qe,RvqBbf,SFhYHb,SKibOb,SdcwHb,SpJlSd,Spc9fe,SpsfSb,SumZ6c,SwQAA,T6U9J,TH1Apc,Th4tuc,TiDNRc,TkvK2e,Tnlgmf,U0aPgd,U1Cub,UFIVAb,UHk10d,UMu52b,UUJqVe,Uas9Hd,Ulmmrd,UsOgXc,V3dDOb,VQ0pCb,VXdfxd,VkDogc,VlEN2d,VwDzFe,WEGDee,WFseLe,WO9ee,WWLNXd,WYEl5e,WaSQmd,WcZOTb,WhJNk,Wlmd,Wt6vjf,X2AfEb,XBHun,XCoqFe,XMlCJe,XU5LFb,XVMNvd,Xhnynf,XoSXfd,Xvcl8b,Y0bgVb,Y87did,YGE9Bf,YQvg8b,YYbtLb,Yvr34d,YzoiSd,Z7OaKe,ZUdl0b,ZVoeLe,ZfAoz,ZhwCG,ZiTKqc,Zj6VZd,ZwDk9d,Zz5Rse,_b,_tp,a9EW5e,aCBidb,aT3sF,aW3pY,alwr6,anescc,ar1c6,aurFic,bFXJu,bNxobe,blwjVc,bvvG9,byfTOb,cAoXve,cAswhf,cGKRub,cGSCed,cViKDd,cWjcJb,cZ0noe,celsfc,cgRV2c,cilABe,cipjFe,d5LS6d,d6ZHQ,dEZ7of,dIfPPb,dWHZee,ddSxB,dlck6b,dyDNGc,e5qFLc,e995Bc,eCayW,eI03B,eUk4Re,eZ1uA,evXPdc,f9aIff,fFdwef,fIa6jf,fKUV3e,fPHjmc,fPeTAb,fgj8Rb,fkCjsc,g1cBhf,g8JCUc,g9HNd,gJYtNe,gJzDyc,gWVULb,ggZMAe,ghdkwd,gjpsNc,gtEOic,gychg,hIO81e,hIrTA,hKSk3e,hX6IOe,hc6Ubd,hgV7yc,hhhU8,hjPHwb,hl,hr0cNe,i0AuMc,i5dxUd,iPmYPb,iXg8vd,igdIHf,iwBqUd,ix2CXc,ixOrqc,j14Yq,jKHFJb,jdrlZe,jeVDq,k2r0oe,kAPMuc,kT18ze,kbLDWb,kjKdXe,kmkrAf,krpgkb,kx8XT,lAg79c,lCGUBd,lHoXXe,lPKSwe,lXPwoe,lYjV6e,lazG7b,lb4hIe,lfpdyf,llTWPd,lsjVmc,lwddkf,m1IMT,m9oV,mI3LFb,mLFHFe,mNMtLd,mUJV5,ma,mdR7q,mfVO4,moXjHd,msHk3b,n1p5Ue,n5Xbsc,n73qwf,nUMwj,nl7Wy,o5perb,o6cSOe,oFF0ab,oIpQqb,oUdseb,ohjZze,p56grd,p7ROLc,pA398e,pA3VNb,pGVDGb,pWa0fe,pjICDe,pw70Gc,q0xTif,qAKInc,qKRCjb,qexExd,qpp2y,rXcje,rYZP8b,rZugtf,ragstd,rn9YO,rrm,rsr,s39S4,sGfZaf,sHLrJf,sIckOb,sM9Lje,sMRuuc,sMwcOc,sOXFj,sPwFo,sVRBvb,soHxf,sszRX,swpmp,t1Gj6d,t8N1l,t8kvj,tQz2Ve,tRFl5c,tZtmyd,texUgd,tgTcU,txY7xd,u36Osd,u73V0c,u8imKc,uJPiae,uRj5Ac,uXcmpd,uu7UOe,v0Xlwc,vHqFCf,vO9xae,w4Dafe,w9hDv,wHanLe,wfcdnd,wg1P6b,wiZ2v,ws9Tlc,ww7b1c,xGC4Gb,xQtZb,xRzjEf,xUdipf,xacnY,xzbRj,y1XGYd,y21SVb,y4Nztd,yDVVkb,yDXup,yF5Ngd,yQffFe,yVpnT,ymEVmc,z3xAGc,z3zIie,zDiWH,zRIkW,zbML3c,zbU9W,zsrBvd,zthRrb/excm=_b,_tp,calldesktoppageview/esmo=1/ed=1/wt=2/rs=AL5CKSF_1YgRHaPavf0y3I803cC_zVyLlA/ee=cEt90b:ws9Tlc;yxTchf:KUM7Z;qddgKe:xQtZb;uY49fb:COQbmf;Oj465e:KG2eXe;nAFL3:s39S4;oGtAuc:sOXFj;iFQyKf:QIhFr;SVOR2e:RqS4qe;wR5FRb:O1Gjze;dIoSBb:SpsfSb;BjCzpe:Yvr34d;j2rcye:KiD3i;RYWUUc:anescc;BVZWad:llTWPd;kqpyR:oFF0ab;gAClPb:ghdkwd;ZaFVgc:wOWhl;b3iZcb:celsfc;h315Eb:VkDogc;giw6qf:EcLnpd;iKsOgb:cWjcJb;eBAeSb:zbML3c;CG6AQc:krpgkb;hoquJe:EjBUIf;MJ6mxb:ubdYZ;BRmVff:HS5Yaf;PRDQhf:ux3mLc;zWcMwf:K9Wjeb;rUAape:NePQb;w1T0Td:xpWMVc;l6twR:Fvyyad;SIjcAd:jrKD8b;jtBjNe:dWHZee;lJ7cgb:Erp0q;NSEoX:lazG7b;X6zUkd:u0z0vd;cFl0Ie:PWJipc;cYTQve:bmEjgc;rI0Pr:Cqvedd;x2i2de:zeWni;BVdD3:kUrwYe;brLlgb:SCXWAb;reHXFb:qZ6i3c;XLRw3e:OcCk8d;brg6Gd:TlvL3b;YBihAb:oeIFub;esl3oe:Qz2vJf;dYFttf:ZRxAzc;NPKaK:SdcwHb;LBgRLc:SdcwHb;zxnPse:GkRiKb;EVNhjf:pw70Gc;vKM7Jb:cWjcJb;io8t5d:yDVVkb;j7137d:KG2eXe;ul9GGd:JrBFQb;sP4Vbe:VwDzFe;kMFpHd:blwjVc;pXdRYb:MdUzUe;SNUn3:ZwDk9d/m=VGmcGd, line 29: uncaught exception: Object
JavaScript error: , line 0: uncaught exception: Object
JavaScript error: , line 0: uncaught exception: Object
console.error: (new TypeError("parent is null", "resource://devtools/client/inspector/shared/style-change-tracker.js", 67))
TypeError: parent is null: canMutationImpactCurrentStyles@resource://devtools/client/inspector/shared/style-change-tracker.js:67:24
onMutations@resource://devtools/client/inspector/shared/style-change-tracker.js:84:41
_emit@resource://devtools/shared/event-emitter.js:244:34
emit@resource://devtools/shared/event-emitter.js:190:18
emit@resource://devtools/shared/event-emitter.js:342:18
getMutations@resource://devtools/client/fronts/walker.js:311:10

[Child 14980, MediaDecoderStateMachine #1] WARNING: 1b56dcc1e40 Could not set cubeb stream name.: file /builds/worker/checkouts/gecko/dom/media/AudioStream.cpp:367
JavaScript error: resource://gre/modules/AsyncShutdown.jsm, line 575: NotFoundError: No such JSWindowActor 'DevToolsFrame'
1643521172074	Marionette	INFO	Stopped listening on port 50465
console.warn: TopSitesFeed: Failed to fetch data from Contile server: NetworkError when attempting to fetch resource.
1643521260716	geckodriver	INFO	Listening on 127.0.0.1:54230
1643521263756	mozrunner::runner	INFO	Running command: "C:\\Program Files\\Mozilla Firefox\\firefox.exe" "--marionette" "-no-remote" "-profile" "C:\\Users\\Rajan\\AppData\\Local\\Temp\\rust_mozprofile86AglK"
1643521264159	Marionette	INFO	Marionette enabled
console.warn: SearchSettings: "get: No settings file exists, new profile?" (new NotFoundError("Could not open the file at C:\\Users\\Rajan\\AppData\\Local\\Temp\\rust_mozprofile86AglK\\search.json.mozlz4", (void 0)))
1643521265778	Marionette	INFO	Listening on port 54238
1643521265809	RemoteAgent	WARN	TLS certificate errors will be ignored for this session
console.warn: LoginRecipes: "getRecipes: falling back to a synchronous message for:" "https://stackoverflow.com"
console.warn: LoginRecipes: "getRecipes: falling back to a synchronous message for:" "https://stackoverflow.com"
console.warn: LoginRecipes: "getRecipes: falling back to a synchronous message for:" "https://stackoverflow.com"
console.warn: LoginRecipes: "getRecipes: falling back to a synchronous message for:" "https://accounts.google.com"
console.warn: LoginRecipes: "getRecipes: falling back to a synchronous message for:" "https://accounts.google.com"
JavaScript warning: https://accounts.google.com/o/oauth2/auth?client_id=717762328687-iludtf96g1hinl76e4lc1b9a82g457nn.apps.googleusercontent.com&scope=profile+email&redirect_uri=https%3a%2f%2fstackauth.com%2fauth%2foauth2%2fgoogle&state=%7b%22sid%22%3a1%2c%22st%22%3a%2259%3a3%3abbc%2c16%3a2673413f4573cd02%2c10%3a1643521272%2c16%3a619fd5e2d69eecbd%2c299e51a84936ab1afef3fd3f7fdd83ad7f9516bde2dd16518b1657e1723b4a76%22%2c%22cid%22%3a%22717762328687-iludtf96g1hinl76e4lc1b9a82g457nn.apps.googleusercontent.com%22%2c%22k%22%3a%22Google%22%2c%22ses%22%3a%222a7fb984921745608d031330c8a6c13e%22%7d&response_type=code line 1 > eval line 4477 > eval line 1 > eval, line 1: WEBGL_debug_renderer_info is deprecated in Firefox and will be removed. Please use RENDERER.
console.warn: LoginRecipes: "getRecipes: falling back to a synchronous message for:" "https://accounts.google.com"
JavaScript warning: https://accounts.google.com/o/oauth2/auth?client_id=717762328687-iludtf96g1hinl76e4lc1b9a82g457nn.apps.googleusercontent.com&scope=profile+email&redirect_uri=https%3a%2f%2fstackauth.com%2fauth%2foauth2%2fgoogle&state=%7b%22sid%22%3a1%2c%22st%22%3a%2259%3a3%3abbc%2c16%3a2673413f4573cd02%2c10%3a1643521272%2c16%3a619fd5e2d69eecbd%2c299e51a84936ab1afef3fd3f7fdd83ad7f9516bde2dd16518b1657e1723b4a76%22%2c%22cid%22%3a%22717762328687-iludtf96g1hinl76e4lc1b9a82g457nn.apps.googleusercontent.com%22%2c%22k%22%3a%22Google%22%2c%22ses%22%3a%222a7fb984921745608d031330c8a6c13e%22%7d&response_type=code line 1 > eval line 315 > eval line 1 > eval, line 1: WEBGL_debug_renderer_info is deprecated in Firefox and will be removed. Please use RENDERER.
console.warn: LoginRecipes: "getRecipes: falling back to a synchronous message for:" "https://accounts.google.com"
console.warn: LoginRecipes: "getRecipes: falling back to a synchronous message for:" "https://accounts.google.com"
JavaScript error: resource://gre/modules/LoginManagerParent.jsm, line 136: TypeError: gRecipeManager is null
console.warn: LoginRecipes: "getRecipes: falling back to a synchronous message for:" "https://accounts.google.com"
JavaScript error: resource://gre/modules/LoginManagerParent.jsm, line 136: TypeError: gRecipeManager is null
1643521279103	Marionette	WARN	Ignoring event 'DOMContentLoaded' because document has an invalid readyState of 'complete'.
JavaScript warning: https://meet.google.com/_/scs/mss-static/_/js/k=boq-rtc.MeetingsUi.en.1nTDxp9su3I.2020.O/ck=boq-rtc.MeetingsUi.PvjT-QkijoU.L.F4.O/am=wgFggABIwwAEgFD0ZxEgLACCAAAAGHAgkx8AAACAwAAEnAFggCQQAAgCCMgMAKhgAAD-BJCAQcAAAAE/d=1/exm=LEikZe,_b,_tp,byfTOb,lsjVmc/excm=_b,_tp,calldesktoppageview/esmo=1/ed=1/wt=2/rs=AL5CKSEfMDKOyyOTVtLI6suWJqn900HtKw/ee=cEt90b:ws9Tlc;yxTchf:KUM7Z;qddgKe:xQtZb;uY49fb:COQbmf;Oj465e:KG2eXe;nAFL3:s39S4;oGtAuc:sOXFj;iFQyKf:QIhFr;SVOR2e:RqS4qe;wR5FRb:O1Gjze;dIoSBb:SpsfSb;BjCzpe:Yvr34d;j2rcye:KiD3i;RYWUUc:anescc;BVZWad:llTWPd;kqpyR:oFF0ab;gAClPb:ghdkwd;ZaFVgc:wOWhl;b3iZcb:celsfc;h315Eb:VkDogc;giw6qf:EcLnpd;iKsOgb:cWjcJb;eBAeSb:zbML3c;CG6AQc:krpgkb;hoquJe:EjBUIf;MJ6mxb:ubdYZ;BRmVff:HS5Yaf;PRDQhf:ux3mLc;zWcMwf:K9Wjeb;rUAape:NePQb;w1T0Td:xpWMVc;l6twR:Fvyyad;SIjcAd:jrKD8b;jtBjNe:dWHZee;lJ7cgb:Erp0q;NSEoX:lazG7b;X6zUkd:u0z0vd;cFl0Ie:PWJipc;cYTQve:bmEjgc;rI0Pr:Cqvedd;x2i2de:zeWni;BVdD3:kUrwYe;brLlgb:SCXWAb;reHXFb:qZ6i3c;XLRw3e:OcCk8d;brg6Gd:TlvL3b;YBihAb:oeIFub;esl3oe:Qz2vJf;dYFttf:ZRxAzc;NPKaK:SdcwHb;LBgRLc:SdcwHb;zxnPse:GkRiKb;EVNhjf:pw70Gc;vKM7Jb:cWjcJb;io8t5d:yDVVkb;j7137d:KG2eXe;ul9GGd:JrBFQb;sP4Vbe:VwDzFe;kMFpHd:blwjVc;pXdRYb:MdUzUe;SNUn3:ZwDk9d/m=n73qwf,ws9Tlc,IZT63,e5qFLc,GkRiKb,UUJqVe,O1Gjze,xUdipf,blwjVc,fKUV3e,aurFic,COQbmf,U0aPgd,ZwDk9d,V3dDOb,mI3LFb,XU5LFb,m9oV,hl,rrm,jKHFJb,WO9ee,T6U9J,lHoXXe,SFhYHb,rsr,oFF0ab,sVRBvb,AePfdf,KiD3i,RqS4qe,t8N1l,k2r0oe,nUMwj,FMq9Lb,g1cBhf,O6y8ed,PrPYRd,MpJwZc,NwH0H,OmgaI,lazG7b,g9HNd,MsyKad,ma,tQz2Ve,Yvr34d,XVMNvd,L1AAkb,KUM7Z,lfpdyf,Fl2dbf,fFdwef,GcAaod,rn9YO,Y0bgVb,s39S4,lwddkf,gychg,w9hDv,RMhBfe,tgTcU,lAg79c,TH1Apc,FJm4Gb,SdcwHb,aW3pY,P1S3zf,DM8swd,pw70Gc,EFQ78c,Ulmmrd,ZfAoz,mdR7q,Ivl8bd,kbLDWb,MdUzUe,I6YDgd,N5Lqpc,fgj8Rb,xQtZb,y4Nztd,gJzDyc,JNoxi,MI6k7c,kjKdXe,texUgd,xGC4Gb,llTWPd,EcLnpd,QIhFr,FYCkde,hKSk3e,FSOnAf,wfcdnd,cilABe,qexExd,DNsE7e,jdrlZe,sIckOb,swpmp,gtEOic,sszRX,wiZ2v,QQnX0,PQaYAf,oUdseb,sPwFo,CJeEuc,tZtmyd,Tnlgmf,dWHZee,LTMqbe,CvtcN,uRj5Ac,DPQwOe,DDvSYd,NNJERe,lPKSwe,hc6Ubd,IVuTze,yF5Ngd,Z7OaKe,ggZMAe,Lamzc,yDVVkb,SpsfSb,cWjcJb,zthRrb,NHietc,LgZW9b,Y87did,fPeTAb,KG2eXe,zbML3c,zbU9W,alwr6,Ebsiqd,ixOrqc,dlck6b,kmkrAf,n5Xbsc,Uas9Hd,BVgquf,a9EW5e,VwDzFe,JGjVRe,hIO81e,A7fCU,pjICDe, line 1716: WEBGL_debug_renderer_info is deprecated in Firefox and will be removed. Please use RENDERER.
[Child 16344, MediaDecoderStateMachine #1] WARNING: 237c48f04a0 Could not set cubeb stream name.: file /builds/worker/checkouts/gecko/dom/media/AudioStream.cpp:367
[Child 16344, MediaDecoderStateMachine #1] WARNING: 237c55709e0 Could not set cubeb stream name.: file /builds/worker/checkouts/gecko/dom/media/AudioStream.cpp:367
--marionette" "-no-remote" "-profile" "C:\\Users\\Rajan\\AppData\\Local\\Temp\\rust_mozprofile7GVY8a"
1643521444220	Marionette	INFO	Marionette enabled
console.warn: SearchSettings: "get: No settings file exists, new profile?" (new NotFoundError("Could not open the file at C:\\Users\\Rajan\\AppData\\Local\\Temp\\rust_mozprofile7GVY8a\\search.json.mozlz4", (void 0)))
1643521445853	Marionette	INFO	Listening on port 54369
1643521445904	RemoteAgent	WARN	TLS certificate errors will be ignored for this session
console.warn: LoginRecipes: "getRecipes: falling back to a synchronous message for:" "https://stackoverflow.com"
console.warn: LoginRecipes: "getRecipes: falling back to a synchronous message for:" "https://stackoverflow.com"
console.warn: LoginRecipes: "getRecipes: falling back to a synchronous message for:" "https://stackoverflow.com"
console.warn: LoginRecipes: "getRecipes: falling back to a synchronous message for:" "https://accounts.google.com"
console.warn: LoginRecipes: "getRecipes: falling back to a synchronous message for:" "https://accounts.google.com"
JavaScript warning: https://accounts.google.com/o/oauth2/auth?client_id=717762328687-iludtf96g1hinl76e4lc1b9a82g457nn.apps.googleusercontent.com&scope=profile+email&redirect_uri=https%3a%2f%2fstackauth.com%2fauth%2foauth2%2fgoogle&state=%7b%22sid%22%3a1%2c%22st%22%3a%2259%3a3%3abbc%2c16%3a3bde8e9c1e29127d%2c10%3a1643521451%2c16%3a719bea5b8d64e63d%2c3c016210f4aa16026637c9dc25e32440dedf5f49ea83c9f4f0aa24f0969143f6%22%2c%22cid%22%3a%22717762328687-iludtf96g1hinl76e4lc1b9a82g457nn.apps.googleusercontent.com%22%2c%22k%22%3a%22Google%22%2c%22ses%22%3a%225ff705775c124b16bd0974f086c74c6d%22%7d&response_type=code line 1 > eval line 4442 > eval line 1 > eval, line 1: WEBGL_debug_renderer_info is deprecated in Firefox and will be removed. Please use RENDERER.
console.warn: LoginRecipes: "getRecipes: falling back to a synchronous message for:" "https://accounts.google.com"
JavaScript warning: https://accounts.google.com/o/oauth2/auth?client_id=717762328687-iludtf96g1hinl76e4lc1b9a82g457nn.apps.googleusercontent.com&scope=profile+email&redirect_uri=https%3a%2f%2fstackauth.com%2fauth%2foauth2%2fgoogle&state=%7b%22sid%22%3a1%2c%22st%22%3a%2259%3a3%3abbc%2c16%3a3bde8e9c1e29127d%2c10%3a1643521451%2c16%3a719bea5b8d64e63d%2c3c016210f4aa16026637c9dc25e32440dedf5f49ea83c9f4f0aa24f0969143f6%22%2c%22cid%22%3a%22717762328687-iludtf96g1hinl76e4lc1b9a82g457nn.apps.googleusercontent.com%22%2c%22k%22%3a%22Google%22%2c%22ses%22%3a%225ff705775c124b16bd0974f086c74c6d%22%7d&response_type=code line 1 > eval line 721 > eval line 1 > eval, line 1: WEBGL_debug_renderer_info is deprecated in Firefox and will be removed. Please use RENDERER.
console.warn: LoginRecipes: "getRecipes: falling back to a synchronous message for:" "https://accounts.google.com"
console.warn: LoginRecipes: "getRecipes: falling back to a synchronous message for:" "https://accounts.google.com"
JavaScript error: resource://gre/modules/LoginManagerParent.jsm, line 136: TypeError: gRecipeManager is null
console.warn: LoginRecipes: "getRecipes: falling back to a synchronous message for:" "https://accounts.google.com"
JavaScript error: resource://gre/modules/LoginManagerParent.jsm, line 136: TypeError: gRecipeManager is null
1643521459365	Marionette	WARN	Ignoring event 'DOMContentLoaded' because document has an invalid readyState of 'complete'.
JavaScript warning: https://meet.google.com/_/scs/mss-static/_/js/k=boq-rtc.MeetingsUi.en.1nTDxp9su3I.2020.O/ck=boq-rtc.MeetingsUi.PvjT-QkijoU.L.F4.O/am=wgFggABIwwAEgFD0ZxEgLACCAAAAGHAgkx8AAACAwAAEnAFggCQQAAgCCMgMAKhgAAD-BBCAQcAAAAE/d=1/exm=LEikZe,_b,_tp,byfTOb,lsjVmc/excm=_b,_tp,calldesktoppageview/esmo=1/ed=1/wt=2/rs=AL5CKSF_1YgRHaPavf0y3I803cC_zVyLlA/ee=cEt90b:ws9Tlc;yxTchf:KUM7Z;qddgKe:xQtZb;uY49fb:COQbmf;Oj465e:KG2eXe;nAFL3:s39S4;oGtAuc:sOXFj;iFQyKf:QIhFr;SVOR2e:RqS4qe;wR5FRb:O1Gjze;dIoSBb:SpsfSb;BjCzpe:Yvr34d;j2rcye:KiD3i;RYWUUc:anescc;BVZWad:llTWPd;kqpyR:oFF0ab;gAClPb:ghdkwd;ZaFVgc:wOWhl;b3iZcb:celsfc;h315Eb:VkDogc;giw6qf:EcLnpd;iKsOgb:cWjcJb;eBAeSb:zbML3c;CG6AQc:krpgkb;hoquJe:EjBUIf;MJ6mxb:ubdYZ;BRmVff:HS5Yaf;PRDQhf:ux3mLc;zWcMwf:K9Wjeb;rUAape:NePQb;w1T0Td:xpWMVc;l6twR:Fvyyad;SIjcAd:jrKD8b;jtBjNe:dWHZee;lJ7cgb:Erp0q;NSEoX:lazG7b;X6zUkd:u0z0vd;cFl0Ie:PWJipc;cYTQve:bmEjgc;rI0Pr:Cqvedd;x2i2de:zeWni;BVdD3:kUrwYe;brLlgb:SCXWAb;reHXFb:qZ6i3c;XLRw3e:OcCk8d;brg6Gd:TlvL3b;YBihAb:oeIFub;esl3oe:Qz2vJf;dYFttf:ZRxAzc;NPKaK:SdcwHb;LBgRLc:SdcwHb;zxnPse:GkRiKb;EVNhjf:pw70Gc;vKM7Jb:cWjcJb;io8t5d:yDVVkb;j7137d:KG2eXe;ul9GGd:JrBFQb;sP4Vbe:VwDzFe;kMFpHd:blwjVc;pXdRYb:MdUzUe;SNUn3:ZwDk9d/m=n73qwf,ws9Tlc,IZT63,e5qFLc,GkRiKb,UUJqVe,O1Gjze,xUdipf,blwjVc,fKUV3e,aurFic,COQbmf,U0aPgd,ZwDk9d,V3dDOb,mI3LFb,XU5LFb,m9oV,hl,rrm,jKHFJb,WO9ee,T6U9J,lHoXXe,SFhYHb,rsr,oFF0ab,sVRBvb,AePfdf,KiD3i,RqS4qe,t8N1l,k2r0oe,nUMwj,FMq9Lb,g1cBhf,O6y8ed,PrPYRd,MpJwZc,NwH0H,OmgaI,lazG7b,g9HNd,MsyKad,ma,tQz2Ve,Yvr34d,XVMNvd,L1AAkb,KUM7Z,lfpdyf,Fl2dbf,fFdwef,GcAaod,rn9YO,Y0bgVb,s39S4,lwddkf,gychg,w9hDv,RMhBfe,tgTcU,lAg79c,TH1Apc,FJm4Gb,SdcwHb,aW3pY,P1S3zf,DM8swd,pw70Gc,EFQ78c,Ulmmrd,ZfAoz,mdR7q,Ivl8bd,kbLDWb,MdUzUe,I6YDgd,N5Lqpc,fgj8Rb,xQtZb,y4Nztd,gJzDyc,JNoxi,MI6k7c,kjKdXe,texUgd,xGC4Gb,llTWPd,EcLnpd,QIhFr,FYCkde,hKSk3e,FSOnAf,wfcdnd,cilABe,qexExd,DNsE7e,jdrlZe,sIckOb,swpmp,gtEOic,sszRX,wiZ2v,QQnX0,PQaYAf,oUdseb,sPwFo,CJeEuc,tZtmyd,Tnlgmf,dWHZee,LTMqbe,CvtcN,uRj5Ac,DPQwOe,DDvSYd,NNJERe,lPKSwe,hc6Ubd,IVuTze,yF5Ngd,Z7OaKe,ggZMAe,Lamzc,yDVVkb,SpsfSb,cWjcJb,zthRrb,NHietc,LgZW9b,Y87did,fPeTAb,KG2eXe,zbML3c,zbU9W,alwr6,Ebsiqd,ixOrqc,dlck6b,kmkrAf,n5Xbsc,Uas9Hd,BVgquf,a9EW5e,VwDzFe,JGjVRe,hIO81e,A7fCU,pjICDe, line 1716: WEBGL_debug_renderer_info is deprecated in Firefox and will be removed. Please use RENDERER.
[Child 7700, MediaDecoderStateMachine #1] WARNING: 2eaeb206040 Could not set cubeb stream name.: file /builds/worker/checkouts/gecko/dom/media/AudioStream.cpp:367
JavaScript error: , line 0: uncaught exception: Object
JavaScript error: , line 0: uncaught exception: Object
JavaScript error: , line 0: uncaught exception: Object
JavaScript error: , line 0: uncaught exception: Object
JavaScript error: , line 0: uncaught exception: Object
JavaScript error: , line 0: uncaught exception: Object
JavaScript error: , line 0: uncaught exception: Object
JavaScript error: , line 0: uncaught exception: Object
JavaScript error: , line 0: uncaught exception: Object
JavaScript error: , line 0: uncaught exception: Object
JavaScript error: , line 0: uncaught exception: Object
[Child 7700, MediaDecoderStateMachine #1] WARNING: 2eaeb2f2200 Could not set cubeb stream name.: file /builds/worker/checkouts/gecko/dom/media/AudioStream.cpp:367
1643522092560	Marionette	INFO	Stopped listening on port 54369
console.warn: TopSitesFeed: Failed to fetch data from Contile server: NetworkError when attempting to fetch resource.

###!!! [Parent][RunMessage] Error: Channel closing: too late to send/recv, messages will be lost

1643523000947	geckodriver	INFO	Listening on 127.0.0.1:51047
1643523004000	mozrunner::runner	INFO	Running command: "C:\\Program Files\\Mozilla Firefox\\firefox.exe" "--marionette" "-no-remote" "-profile" "C:\\Users\\Rajan\\AppData\\Local\\Temp\\rust_mozprofilelRl5dA"
1643523004446	Marionette	INFO	Marionette enabled
console.warn: SearchSettings: "get: No settings file exists, new profile?" (new NotFoundError("Could not open the file at C:\\Users\\Rajan\\AppData\\Local\\Temp\\rust_mozprofilelRl5dA\\search.json.mozlz4", (void 0)))
1643523006098	Marionette	INFO	Listening on port 51068
1643523006143	RemoteAgent	WARN	TLS certificate errors will be ignored for this session
console.warn: LoginRecipes: "getRecipes: falling back to a synchronous message for:" "https://stackoverflow.com"
console.warn: LoginRecipes: "getRecipes: falling back to a synchronous message for:" "https://stackoverflow.com"
console.warn: LoginRecipes: "getRecipes: falling back to a synchronous message for:" "https://stackoverflow.com"
console.warn: LoginRecipes: "getRecipes: falling back to a synchronous message for:" "https://accounts.google.com"
console.warn: LoginRecipes: "getRecipes: falling back to a synchronous message for:" "https://accounts.google.com"
JavaScript warning: https://accounts.google.com/o/oauth2/auth?client_id=717762328687-iludtf96g1hinl76e4lc1b9a82g457nn.apps.googleusercontent.com&scope=profile+email&redirect_uri=https%3a%2f%2fstackauth.com%2fauth%2foauth2%2fgoogle&state=%7b%22sid%22%3a1%2c%22st%22%3a%2259%3a3%3abbc%2c16%3a9fcbb680961d6f18%2c10%3a1643523012%2c16%3aa9a5b8afc422a56e%2c82f02aaecc93e0810b4c58b415889cfd6cd0816fd291b9375a8ced97aa8b2d21%22%2c%22cid%22%3a%22717762328687-iludtf96g1hinl76e4lc1b9a82g457nn.apps.googleusercontent.com%22%2c%22k%22%3a%22Google%22%2c%22ses%22%3a%22e444db5f1e7043239bdc1ab25e390430%22%7d&response_type=code line 1 > eval line 5210 > eval line 1 > eval, line 1: WEBGL_debug_renderer_info is deprecated in Firefox and will be removed. Please use RENDERER.
console.warn: LoginRecipes: "getRecipes: falling back to a synchronous message for:" "https://accounts.google.com"
JavaScript warning: https://accounts.google.com/o/oauth2/auth?client_id=717762328687-iludtf96g1hinl76e4lc1b9a82g457nn.apps.googleusercontent.com&scope=profile+email&redirect_uri=https%3a%2f%2fstackauth.com%2fauth%2foauth2%2fgoogle&state=%7b%22sid%22%3a1%2c%22st%22%3a%2259%3a3%3abbc%2c16%3a9fcbb680961d6f18%2c10%3a1643523012%2c16%3aa9a5b8afc422a56e%2c82f02aaecc93e0810b4c58b415889cfd6cd0816fd291b9375a8ced97aa8b2d21%22%2c%22cid%22%3a%22717762328687-iludtf96g1hinl76e4lc1b9a82g457nn.apps.googleusercontent.com%22%2c%22k%22%3a%22Google%22%2c%22ses%22%3a%22e444db5f1e7043239bdc1ab25e390430%22%7d&response_type=code line 1 > eval line 2654 > eval line 1 > eval, line 1: WEBGL_debug_renderer_info is deprecated in Firefox and will be removed. Please use RENDERER.
console.warn: LoginRecipes: "getRecipes: falling back to a synchronous message for:" "https://accounts.google.com"
console.warn: LoginRecipes: "getRecipes: falling back to a synchronous message for:" "https://accounts.google.com"
JavaScript error: resource://gre/modules/LoginManagerParent.jsm, line 136: TypeError: gRecipeManager is null
console.warn: LoginRecipes: "getRecipes: falling back to a synchronous message for:" "https://accounts.google.com"
JavaScript error: resource://gre/modules/LoginManagerParent.jsm, line 136: TypeError: gRecipeManager is null
1643523020528	Marionette	WARN	Ignoring event 'DOMContentLoaded' because document has an invalid readyState of 'complete'.
JavaScript warning: https://meet.google.com/_/scs/mss-static/_/js/k=boq-rtc.MeetingsUi.en.1nTDxp9su3I.2020.O/ck=boq-rtc.MeetingsUi.PvjT-QkijoU.L.F4.O/am=wgFggABIwwAEgFD0ZxEgLACCAAAAGHAgkx8AAACAwAAEnAFggCQQAAgCCMgMAKhgAAD-BJCAQcAAAAE/d=1/exm=LEikZe,_b,_tp,byfTOb,lsjVmc/excm=_b,_tp,calldesktoppageview/esmo=1/ed=1/wt=2/rs=AL5CKSEfMDKOyyOTVtLI6suWJqn900HtKw/ee=cEt90b:ws9Tlc;yxTchf:KUM7Z;qddgKe:xQtZb;uY49fb:COQbmf;Oj465e:KG2eXe;nAFL3:s39S4;oGtAuc:sOXFj;iFQyKf:QIhFr;SVOR2e:RqS4qe;wR5FRb:O1Gjze;dIoSBb:SpsfSb;BjCzpe:Yvr34d;j2rcye:KiD3i;RYWUUc:anescc;BVZWad:llTWPd;kqpyR:oFF0ab;gAClPb:ghdkwd;ZaFVgc:wOWhl;b3iZcb:celsfc;h315Eb:VkDogc;giw6qf:EcLnpd;iKsOgb:cWjcJb;eBAeSb:zbML3c;CG6AQc:krpgkb;hoquJe:EjBUIf;MJ6mxb:ubdYZ;BRmVff:HS5Yaf;PRDQhf:ux3mLc;zWcMwf:K9Wjeb;rUAape:NePQb;w1T0Td:xpWMVc;l6twR:Fvyyad;SIjcAd:jrKD8b;jtBjNe:dWHZee;lJ7cgb:Erp0q;NSEoX:lazG7b;X6zUkd:u0z0vd;cFl0Ie:PWJipc;cYTQve:bmEjgc;rI0Pr:Cqvedd;x2i2de:zeWni;BVdD3:kUrwYe;brLlgb:SCXWAb;reHXFb:qZ6i3c;XLRw3e:OcCk8d;brg6Gd:TlvL3b;YBihAb:oeIFub;esl3oe:Qz2vJf;dYFttf:ZRxAzc;NPKaK:SdcwHb;LBgRLc:SdcwHb;zxnPse:GkRiKb;EVNhjf:pw70Gc;vKM7Jb:cWjcJb;io8t5d:yDVVkb;j7137d:KG2eXe;ul9GGd:JrBFQb;sP4Vbe:VwDzFe;kMFpHd:blwjVc;pXdRYb:MdUzUe;SNUn3:ZwDk9d/m=n73qwf,ws9Tlc,IZT63,e5qFLc,GkRiKb,UUJqVe,O1Gjze,xUdipf,blwjVc,fKUV3e,aurFic,COQbmf,U0aPgd,ZwDk9d,V3dDOb,mI3LFb,XU5LFb,m9oV,hl,rrm,jKHFJb,WO9ee,T6U9J,lHoXXe,SFhYHb,rsr,oFF0ab,sVRBvb,AePfdf,KiD3i,RqS4qe,t8N1l,k2r0oe,nUMwj,FMq9Lb,g1cBhf,O6y8ed,PrPYRd,MpJwZc,NwH0H,OmgaI,lazG7b,g9HNd,MsyKad,ma,tQz2Ve,Yvr34d,XVMNvd,L1AAkb,KUM7Z,lfpdyf,Fl2dbf,fFdwef,GcAaod,rn9YO,Y0bgVb,s39S4,lwddkf,gychg,w9hDv,RMhBfe,tgTcU,lAg79c,TH1Apc,FJm4Gb,SdcwHb,aW3pY,P1S3zf,DM8swd,pw70Gc,EFQ78c,Ulmmrd,ZfAoz,mdR7q,Ivl8bd,kbLDWb,MdUzUe,I6YDgd,N5Lqpc,fgj8Rb,xQtZb,y4Nztd,gJzDyc,JNoxi,MI6k7c,kjKdXe,texUgd,xGC4Gb,llTWPd,EcLnpd,QIhFr,FYCkde,hKSk3e,FSOnAf,wfcdnd,cilABe,qexExd,DNsE7e,jdrlZe,sIckOb,swpmp,gtEOic,sszRX,wiZ2v,QQnX0,PQaYAf,oUdseb,sPwFo,CJeEuc,tZtmyd,Tnlgmf,dWHZee,LTMqbe,CvtcN,uRj5Ac,DPQwOe,DDvSYd,NNJERe,lPKSwe,hc6Ubd,IVuTze,yF5Ngd,Z7OaKe,ggZMAe,Lamzc,yDVVkb,SpsfSb,cWjcJb,zthRrb,NHietc,LgZW9b,Y87did,fPeTAb,KG2eXe,zbML3c,zbU9W,alwr6,Ebsiqd,ixOrqc,dlck6b,kmkrAf,n5Xbsc,Uas9Hd,BVgquf,a9EW5e,VwDzFe,JGjVRe,hIO81e,A7fCU,pjICDe, line 1716: WEBGL_debug_renderer_info is deprecated in Firefox and will be removed. Please use RENDERER.
[Child 2640, MediaDecoderStateMachine #1] WARNING: 1d9a2784c80 Could not set cubeb stream name.: file /builds/worker/checkouts/gecko/dom/media/AudioStream.cpp:367
1643523300050	geckodriver	INFO	Listening on 127.0.0.1:51345
1643523303100	mozrunner::runner	INFO	Running command: "C:\\Program Files\\Mozilla Firefox\\firefox.exe" "--marionette" "-no-remote" "-profile" "C:\\Users\\Rajan\\AppData\\Local\\Temp\\rust_mozprofile6TFgOz"
1643523303506	Marionette	INFO	Marionette enabled
console.warn: SearchSettings: "get: No settings file exists, new profile?" (new NotFoundError("Could not open the file at C:\\Users\\Rajan\\AppData\\Local\\Temp\\rust_mozprofile6TFgOz\\search.json.mozlz4", (void 0)))
1643523305207	Marionette	INFO	Listening on port 51353
1643523305272	RemoteAgent	WARN	TLS certificate errors will be ignored for this session
console.warn: LoginRecipes: "getRecipes: falling back to a synchronous message for:" "https://stackoverflow.com"
console.warn: LoginRecipes: "getRecipes: falling back to a synchronous message for:" "https://stackoverflow.com"
console.warn: LoginRecipes: "getRecipes: falling back to a synchronous message for:" "https://stackoverflow.com"
console.warn: LoginRecipes: "getRecipes: falling back to a synchronous message for:" "https://accounts.google.com"
console.warn: LoginRecipes: "getRecipes: falling back to a synchronous message for:" "https://accounts.google.com"
JavaScript warning: https://accounts.google.com/o/oauth2/auth?client_id=717762328687-iludtf96g1hinl76e4lc1b9a82g457nn.apps.googleusercontent.com&scope=profile+email&redirect_uri=https%3a%2f%2fstackauth.com%2fauth%2foauth2%2fgoogle&state=%7b%22sid%22%3a1%2c%22st%22%3a%2259%3a3%3abbc%2c16%3ad30c165e21401144%2c10%3a1643523311%2c16%3a0d0ef087ef6eff63%2c190b87f1bcee60a0d46b39ac8ccf512d12ed990d7f5a945a483ab4b1ccd36438%22%2c%22cid%22%3a%22717762328687-iludtf96g1hinl76e4lc1b9a82g457nn.apps.googleusercontent.com%22%2c%22k%22%3a%22Google%22%2c%22ses%22%3a%220c0111fac1574ed79cdb63f8108da12f%22%7d&response_type=code line 1 > eval line 3906 > eval line 1 > eval, line 1: WEBGL_debug_renderer_info is deprecated in Firefox and will be removed. Please use RENDERER.
console.warn: LoginRecipes: "getRecipes: falling back to a synchronous message for:" "https://accounts.google.com"
JavaScript warning: https://accounts.google.com/o/oauth2/auth?client_id=717762328687-iludtf96g1hinl76e4lc1b9a82g457nn.apps.googleusercontent.com&scope=profile+email&redirect_uri=https%3a%2f%2fstackauth.com%2fauth%2foauth2%2fgoogle&state=%7b%22sid%22%3a1%2c%22st%22%3a%2259%3a3%3abbc%2c16%3ad30c165e21401144%2c10%3a1643523311%2c16%3a0d0ef087ef6eff63%2c190b87f1bcee60a0d46b39ac8ccf512d12ed990d7f5a945a483ab4b1ccd36438%22%2c%22cid%22%3a%22717762328687-iludtf96g1hinl76e4lc1b9a82g457nn.apps.googleusercontent.com%22%2c%22k%22%3a%22Google%22%2c%22ses%22%3a%220c0111fac1574ed79cdb63f8108da12f%22%7d&response_type=code line 1 > eval line 630 > eval line 1 > eval, line 1: WEBGL_debug_renderer_info is deprecated in Firefox and will be removed. Please use RENDERER.
console.warn: LoginRecipes: "getRecipes: falling back to a synchronous message for:" "https://accounts.google.com"
console.warn: LoginRecipes: "getRecipes: falling back to a synchronous message for:" "https://accounts.google.com"
JavaScript error: resource://gre/modules/LoginManagerParent.jsm, line 136: TypeError: gRecipeManager is null
console.warn: LoginRecipes: "getRecipes: falling back to a synchronous message for:" "https://accounts.google.com"
JavaScript error: resource://gre/modules/LoginManagerParent.jsm, line 136: TypeError: gRecipeManager is null
1643523319113	Marionette	WARN	Ignoring event 'DOMContentLoaded' because document has an invalid readyState of 'complete'.
JavaScript warning: https://meet.google.com/_/scs/mss-static/_/js/k=boq-rtc.MeetingsUi.en.1nTDxp9su3I.2020.O/ck=boq-rtc.MeetingsUi.PvjT-QkijoU.L.F4.O/am=wgFggABIwwAEgFD0ZxEgLACCAAAAGHAgkx8AAACAwAAEnAFggCQQAAgCCMgMAKhgAAD-BBCAQcAAAAE/d=1/exm=LEikZe,_b,_tp,byfTOb,lsjVmc/excm=_b,_tp,calldesktoppageview/esmo=1/ed=1/wt=2/rs=AL5CKSF_1YgRHaPavf0y3I803cC_zVyLlA/ee=cEt90b:ws9Tlc;yxTchf:KUM7Z;qddgKe:xQtZb;uY49fb:COQbmf;Oj465e:KG2eXe;nAFL3:s39S4;oGtAuc:sOXFj;iFQyKf:QIhFr;SVOR2e:RqS4qe;wR5FRb:O1Gjze;dIoSBb:SpsfSb;BjCzpe:Yvr34d;j2rcye:KiD3i;RYWUUc:anescc;BVZWad:llTWPd;kqpyR:oFF0ab;gAClPb:ghdkwd;ZaFVgc:wOWhl;b3iZcb:celsfc;h315Eb:VkDogc;giw6qf:EcLnpd;iKsOgb:cWjcJb;eBAeSb:zbML3c;CG6AQc:krpgkb;hoquJe:EjBUIf;MJ6mxb:ubdYZ;BRmVff:HS5Yaf;PRDQhf:ux3mLc;zWcMwf:K9Wjeb;rUAape:NePQb;w1T0Td:xpWMVc;l6twR:Fvyyad;SIjcAd:jrKD8b;jtBjNe:dWHZee;lJ7cgb:Erp0q;NSEoX:lazG7b;X6zUkd:u0z0vd;cFl0Ie:PWJipc;cYTQve:bmEjgc;rI0Pr:Cqvedd;x2i2de:zeWni;BVdD3:kUrwYe;brLlgb:SCXWAb;reHXFb:qZ6i3c;XLRw3e:OcCk8d;brg6Gd:TlvL3b;YBihAb:oeIFub;esl3oe:Qz2vJf;dYFttf:ZRxAzc;NPKaK:SdcwHb;LBgRLc:SdcwHb;zxnPse:GkRiKb;EVNhjf:pw70Gc;vKM7Jb:cWjcJb;io8t5d:yDVVkb;j7137d:KG2eXe;ul9GGd:JrBFQb;sP4Vbe:VwDzFe;kMFpHd:blwjVc;pXdRYb:MdUzUe;SNUn3:ZwDk9d/m=n73qwf,ws9Tlc,IZT63,e5qFLc,GkRiKb,UUJqVe,O1Gjze,xUdipf,blwjVc,fKUV3e,aurFic,COQbmf,U0aPgd,ZwDk9d,V3dDOb,mI3LFb,XU5LFb,m9oV,hl,rrm,jKHFJb,WO9ee,T6U9J,lHoXXe,SFhYHb,rsr,oFF0ab,sVRBvb,AePfdf,KiD3i,RqS4qe,t8N1l,k2r0oe,nUMwj,FMq9Lb,g1cBhf,O6y8ed,PrPYRd,MpJwZc,NwH0H,OmgaI,lazG7b,g9HNd,MsyKad,ma,tQz2Ve,Yvr34d,XVMNvd,L1AAkb,KUM7Z,lfpdyf,Fl2dbf,fFdwef,GcAaod,rn9YO,Y0bgVb,s39S4,lwddkf,gychg,w9hDv,RMhBfe,tgTcU,lAg79c,TH1Apc,FJm4Gb,SdcwHb,aW3pY,P1S3zf,DM8swd,pw70Gc,EFQ78c,Ulmmrd,ZfAoz,mdR7q,Ivl8bd,kbLDWb,MdUzUe,I6YDgd,N5Lqpc,fgj8Rb,xQtZb,y4Nztd,gJzDyc,JNoxi,MI6k7c,kjKdXe,texUgd,xGC4Gb,llTWPd,EcLnpd,QIhFr,FYCkde,hKSk3e,FSOnAf,wfcdnd,cilABe,qexExd,DNsE7e,jdrlZe,sIckOb,swpmp,gtEOic,sszRX,wiZ2v,QQnX0,PQaYAf,oUdseb,sPwFo,CJeEuc,tZtmyd,Tnlgmf,dWHZee,LTMqbe,CvtcN,uRj5Ac,DPQwOe,DDvSYd,NNJERe,lPKSwe,hc6Ubd,IVuTze,yF5Ngd,Z7OaKe,ggZMAe,Lamzc,yDVVkb,SpsfSb,cWjcJb,zthRrb,NHietc,LgZW9b,Y87did,fPeTAb,KG2eXe,zbML3c,zbU9W,alwr6,Ebsiqd,ixOrqc,dlck6b,kmkrAf,n5Xbsc,Uas9Hd,BVgquf,a9EW5e,VwDzFe,JGjVRe,hIO81e,A7fCU,pjICDe, line 1716: WEBGL_debug_renderer_info is deprecated in Firefox and will be removed. Please use RENDERER.
[Child 15968, MediaDecoderStateMachine #1] WARNING: 15eeba38f20 Could not set cubeb stream name.: file /builds/worker/checkouts/gecko/dom/media/AudioStream.cpp:367
JavaScript error: , line 0: uncaught exception: Object
JavaScript error: , line 0: uncaught exception: Object
JavaScript error: , line 0: uncaught exception: Object
JavaScript error: , line 0: uncaught exception: Object
JavaScript error: , line 0: uncaught exception: Object
JavaScript error: , line 0: uncaught exception: Object
JavaScript error: , line 0: uncaught exception: Object
JavaScript error: , line 0: uncaught exception: Object
JavaScript error: , line 0: uncaught exception: Object
JavaScript error: , line 0: uncaught exception: Object
JavaScript error: , line 0: uncaught exception: Object
[Child 15968, MediaDecoderStateMachine #1] WARNING: 15d62658ac0 Could not set cubeb stream name.: file /builds/worker/checkouts/gecko/dom/media/AudioStream.cpp:367
1643523523086	Marionette	INFO	Stopped listening on port 51353

###!!! [Parent][MessageChannel] Error: (msgtype=0x3A014F,name=PContent::Reply_DiscardBrowsingContext) Closed channel: cannot send/recv


###!!! [Parent][MessageChannel] Error: (msgtype=0x3A007A,name=PContent::Msg_DestroyBrowsingContextGroup) Closed channel: cannot send/recv

1643523780145	geckodriver	INFO	Listening on 127.0.0.1:61297
1643523783182	mozrunner::runner	INFO	Running command: "C:\\Program Files\\Mozilla Firefox\\firefox.exe" "--marionette" "-no-remote" "-profile" "C:\\Users\\Rajan\\AppData\\Local\\Temp\\rust_mozprofilem59lTH"
1643523783674	Marionette	INFO	Marionette enabled
console.warn: SearchSettings: "get: No settings file exists, new profile?" (new NotFoundError("Could not open the file at C:\\Users\\Rajan\\AppData\\Local\\Temp\\rust_mozprofilem59lTH\\search.json.mozlz4", (void 0)))
1643523785803	Marionette	INFO	Listening on port 61305
1643523785876	RemoteAgent	WARN	TLS certificate errors will be ignored for this session
console.warn: LoginRecipes: "getRecipes: falling back to a synchronous message for:" "https://stackoverflow.com"
console.warn: LoginRecipes: "getRecipes: falling back to a synchronous message for:" "https://stackoverflow.com"
console.warn: LoginRecipes: "getRecipes: falling back to a synchronous message for:" "https://stackoverflow.com"
1643523795545	Marionette	WARN	TimedPromise timed out after 500 ms: stacktrace:
TimedPromise/<@chrome://remote/content/marionette/sync.js:239:19
TimedPromise@chrome://remote/content/marionette/sync.js:224:10
interaction.flushEventLoop@chrome://remote/content/marionette/interaction.js:431:10
webdriverClickElement@chrome://remote/content/marionette/interaction.js:179:31
console.warn: LoginRecipes: "getRecipes: falling back to a synchronous message for:" "https://accounts.google.com"
1643523797748	Marionette	WARN	TimedPromise timed out after 500 ms: stacktrace:
TimedPromise/<@chrome://remote/content/marionette/sync.js:239:19
TimedPromise@chrome://remote/content/marionette/sync.js:224:10
interaction.flushEventLoop@chrome://remote/content/marionette/interaction.js:431:10
webdriverClickElement@chrome://remote/content/marionette/interaction.js:179:31
console.warn: LoginRecipes: "getRecipes: falling back to a synchronous message for:" "https://accounts.google.com"
JavaScript warning: https://accounts.google.com/o/oauth2/auth?client_id=717762328687-iludtf96g1hinl76e4lc1b9a82g457nn.apps.googleusercontent.com&scope=profile+email&redirect_uri=https%3a%2f%2fstackauth.com%2fauth%2foauth2%2fgoogle&state=%7b%22sid%22%3a1%2c%22st%22%3a%2259%3a3%3abbc%2c16%3ae3af299cd96fbdf9%2c10%3a1643523795%2c16%3a0c1dc0b2b11de820%2cf44c92ed3dfb14b80fe005e924f87afda0961c8b6951e33474196ab735b30c7d%22%2c%22cid%22%3a%22717762328687-iludtf96g1hinl76e4lc1b9a82g457nn.apps.googleusercontent.com%22%2c%22k%22%3a%22Google%22%2c%22ses%22%3a%228a879cf06ac74d8893fc570b93d43e6e%22%7d&response_type=code line 1 > eval line 949 > eval, line 1: WEBGL_debug_renderer_info is deprecated in Firefox and will be removed. Please use RENDERER.
console.warn: LoginRecipes: "getRecipes: falling back to a synchronous message for:" "https://accounts.google.com"
JavaScript warning: https://accounts.google.com/o/oauth2/auth?client_id=717762328687-iludtf96g1hinl76e4lc1b9a82g457nn.apps.googleusercontent.com&scope=profile+email&redirect_uri=https%3a%2f%2fstackauth.com%2fauth%2foauth2%2fgoogle&state=%7b%22sid%22%3a1%2c%22st%22%3a%2259%3a3%3abbc%2c16%3ae3af299cd96fbdf9%2c10%3a1643523795%2c16%3a0c1dc0b2b11de820%2cf44c92ed3dfb14b80fe005e924f87afda0961c8b6951e33474196ab735b30c7d%22%2c%22cid%22%3a%22717762328687-iludtf96g1hinl76e4lc1b9a82g457nn.apps.googleusercontent.com%22%2c%22k%22%3a%22Google%22%2c%22ses%22%3a%228a879cf06ac74d8893fc570b93d43e6e%22%7d&response_type=code line 1 > eval line 6848 > eval, line 1: WEBGL_debug_renderer_info is deprecated in Firefox and will be removed. Please use RENDERER.
1643523837718	Marionette	INFO	Stopped listening on port 61305
console.warn: TopSitesFeed: Failed to fetch data from Contile server: NetworkError when attempting to fetch resource.
1643523900740	geckodriver	INFO	Listening on 127.0.0.1:61407
1643523903780	mozrunner::runner	INFO	Running command: "C:\\Program Files\\Mozilla Firefox\\firefox.exe" "--marionette" "-no-remote" "-profile" "C:\\Users\\Rajan\\AppData\\Local\\Temp\\rust_mozprofileeIZge5"
1643523904191	Marionette	INFO	Marionette enabled
console.warn: SearchSettings: "get: No settings file exists, new profile?" (new NotFoundError("Could not open the file at C:\\Users\\Rajan\\AppData\\Local\\Temp\\rust_mozprofileeIZge5\\search.json.mozlz4", (void 0)))
1643523905818	Marionette	INFO	Listening on port 61415
1643523905932	RemoteAgent	WARN	TLS certificate errors will be ignored for this session
console.warn: LoginRecipes: "getRecipes: falling back to a synchronous message for:" "https://stackoverflow.com"
console.warn: LoginRecipes: "getRecipes: falling back to a synchronous message for:" "https://stackoverflow.com"
console.warn: LoginRecipes: "getRecipes: falling back to a synchronous message for:" "https://stackoverflow.com"
console.warn: LoginRecipes: "getRecipes: falling back to a synchronous message for:" "https://accounts.google.com"
console.warn: LoginRecipes: "getRecipes: falling back to a synchronous message for:" "https://accounts.google.com"
JavaScript warning: https://accounts.google.com/o/oauth2/auth?client_id=717762328687-iludtf96g1hinl76e4lc1b9a82g457nn.apps.googleusercontent.com&scope=profile+email&redirect_uri=https%3a%2f%2fstackauth.com%2fauth%2foauth2%2fgoogle&state=%7b%22sid%22%3a1%2c%22st%22%3a%2259%3a3%3abbc%2c16%3adb8b79100b3411c7%2c10%3a1643523916%2c16%3a268171d108fb0203%2caba62d09399de88629ebe86fa07d42d1b10eca04eb952826f49cb19fdd73e82f%22%2c%22cid%22%3a%22717762328687-iludtf96g1hinl76e4lc1b9a82g457nn.apps.googleusercontent.com%22%2c%22k%22%3a%22Google%22%2c%22ses%22%3a%22b8bf783c21f4444ba188b14ecb30fb7f%22%7d&response_type=code line 1 > eval line 28 > eval line 1 > eval, line 1: WEBGL_debug_renderer_info is deprecated in Firefox and will be removed. Please use RENDERER.
console.warn: LoginRecipes: "getRecipes: falling back to a synchronous message for:" "https://accounts.google.com"
JavaScript warning: https://accounts.google.com/o/oauth2/auth?client_id=717762328687-iludtf96g1hinl76e4lc1b9a82g457nn.apps.googleusercontent.com&scope=profile+email&redirect_uri=https%3a%2f%2fstackauth.com%2fauth%2foauth2%2fgoogle&state=%7b%22sid%22%3a1%2c%22st%22%3a%2259%3a3%3abbc%2c16%3adb8b79100b3411c7%2c10%3a1643523916%2c16%3a268171d108fb0203%2caba62d09399de88629ebe86fa07d42d1b10eca04eb952826f49cb19fdd73e82f%22%2c%22cid%22%3a%22717762328687-iludtf96g1hinl76e4lc1b9a82g457nn.apps.googleusercontent.com%22%2c%22k%22%3a%22Google%22%2c%22ses%22%3a%22b8bf783c21f4444ba188b14ecb30fb7f%22%7d&response_type=code line 1 > eval line 3132 > eval line 1 > eval, line 1: WEBGL_debug_renderer_info is deprecated in Firefox and will be removed. Please use RENDERER.
console.warn: LoginRecipes: "getRecipes: falling back to a synchronous message for:" "https://accounts.google.com"
console.warn: LoginRecipes: "getRecipes: falling back to a synchronous message for:" "https://accounts.google.com"
JavaScript error: resource://gre/modules/LoginManagerParent.jsm, line 136: TypeError: gRecipeManager is null
console.warn: LoginRecipes: "getRecipes: falling back to a synchronous message for:" "https://accounts.google.com"
JavaScript error: resource://gre/modules/LoginManagerParent.jsm, line 136: TypeError: gRecipeManager is null
1643523924949	Marionette	WARN	Ignoring event 'DOMContentLoaded' because document has an invalid readyState of 'complete'.
JavaScript warning: https://meet.google.com/_/scs/mss-static/_/js/k=boq-rtc.MeetingsUi.en.1nTDxp9su3I.2020.O/ck=boq-rtc.MeetingsUi.PvjT-QkijoU.L.F4.O/am=wgFggABIwwAEgFD0ZxEgLACCAAAAGHAgkx8AAACAwAAEnAFggCQQAAgCCMgMAKhgAAD-BBCAQcAAAAE/d=1/exm=LEikZe,_b,_tp,byfTOb,lsjVmc/excm=_b,_tp,calldesktoppageview/esmo=1/ed=1/wt=2/rs=AL5CKSF_1YgRHaPavf0y3I803cC_zVyLlA/ee=cEt90b:ws9Tlc;yxTchf:KUM7Z;qddgKe:xQtZb;uY49fb:COQbmf;Oj465e:KG2eXe;nAFL3:s39S4;oGtAuc:sOXFj;iFQyKf:QIhFr;SVOR2e:RqS4qe;wR5FRb:O1Gjze;dIoSBb:SpsfSb;BjCzpe:Yvr34d;j2rcye:KiD3i;RYWUUc:anescc;BVZWad:llTWPd;kqpyR:oFF0ab;gAClPb:ghdkwd;ZaFVgc:wOWhl;b3iZcb:celsfc;h315Eb:VkDogc;giw6qf:EcLnpd;iKsOgb:cWjcJb;eBAeSb:zbML3c;CG6AQc:krpgkb;hoquJe:EjBUIf;MJ6mxb:ubdYZ;BRmVff:HS5Yaf;PRDQhf:ux3mLc;zWcMwf:K9Wjeb;rUAape:NePQb;w1T0Td:xpWMVc;l6twR:Fvyyad;SIjcAd:jrKD8b;jtBjNe:dWHZee;lJ7cgb:Erp0q;NSEoX:lazG7b;X6zUkd:u0z0vd;cFl0Ie:PWJipc;cYTQve:bmEjgc;rI0Pr:Cqvedd;x2i2de:zeWni;BVdD3:kUrwYe;brLlgb:SCXWAb;reHXFb:qZ6i3c;XLRw3e:OcCk8d;brg6Gd:TlvL3b;YBihAb:oeIFub;esl3oe:Qz2vJf;dYFttf:ZRxAzc;NPKaK:SdcwHb;LBgRLc:SdcwHb;zxnPse:GkRiKb;EVNhjf:pw70Gc;vKM7Jb:cWjcJb;io8t5d:yDVVkb;j7137d:KG2eXe;ul9GGd:JrBFQb;sP4Vbe:VwDzFe;kMFpHd:blwjVc;pXdRYb:MdUzUe;SNUn3:ZwDk9d/m=n73qwf,ws9Tlc,IZT63,e5qFLc,GkRiKb,UUJqVe,O1Gjze,xUdipf,blwjVc,fKUV3e,aurFic,COQbmf,U0aPgd,ZwDk9d,V3dDOb,mI3LFb,XU5LFb,m9oV,hl,rrm,jKHFJb,WO9ee,T6U9J,lHoXXe,SFhYHb,rsr,oFF0ab,sVRBvb,AePfdf,KiD3i,RqS4qe,t8N1l,k2r0oe,nUMwj,FMq9Lb,g1cBhf,O6y8ed,PrPYRd,MpJwZc,NwH0H,OmgaI,lazG7b,g9HNd,MsyKad,ma,tQz2Ve,Yvr34d,XVMNvd,L1AAkb,KUM7Z,lfpdyf,Fl2dbf,fFdwef,GcAaod,rn9YO,Y0bgVb,s39S4,lwddkf,gychg,w9hDv,RMhBfe,tgTcU,lAg79c,TH1Apc,FJm4Gb,SdcwHb,aW3pY,P1S3zf,DM8swd,pw70Gc,EFQ78c,Ulmmrd,ZfAoz,mdR7q,Ivl8bd,kbLDWb,MdUzUe,I6YDgd,N5Lqpc,fgj8Rb,xQtZb,y4Nztd,gJzDyc,JNoxi,MI6k7c,kjKdXe,texUgd,xGC4Gb,llTWPd,EcLnpd,QIhFr,FYCkde,hKSk3e,FSOnAf,wfcdnd,cilABe,qexExd,DNsE7e,jdrlZe,sIckOb,swpmp,gtEOic,sszRX,wiZ2v,QQnX0,PQaYAf,oUdseb,sPwFo,CJeEuc,tZtmyd,Tnlgmf,dWHZee,LTMqbe,CvtcN,uRj5Ac,DPQwOe,DDvSYd,NNJERe,lPKSwe,hc6Ubd,IVuTze,yF5Ngd,Z7OaKe,ggZMAe,Lamzc,yDVVkb,SpsfSb,cWjcJb,zthRrb,NHietc,LgZW9b,Y87did,fPeTAb,KG2eXe,zbML3c,zbU9W,alwr6,Ebsiqd,ixOrqc,dlck6b,kmkrAf,n5Xbsc,Uas9Hd,BVgquf,a9EW5e,VwDzFe,JGjVRe,hIO81e,A7fCU,pjICDe, line 1716: WEBGL_debug_renderer_info is deprecated in Firefox and will be removed. Please use RENDERER.
[Child 5080, MediaDecoderStateMachine #1] WARNING: 1a8dee1ff20 Could not set cubeb stream name.: file /builds/worker/checkouts/gecko/dom/media/AudioStream.cpp:367
JavaScript error: , line 0: uncaught exception: Object
JavaScript error: , line 0: uncaught exception: Object
JavaScript error: , line 0: uncaught exception: Object
JavaScript error: , line 0: uncaught exception: Object
JavaScript error: , line 0: uncaught exception: Object
JavaScript error: , line 0: uncaught exception: Object
JavaScript error: , line 0: uncaught exception: Object
JavaScript error: , line 0: uncaught exception: Object
JavaScript error: , line 0: uncaught exception: Object
JavaScript error: , line 0: uncaught exception: Object
JavaScript error: , line 0: uncaught exception: Object
[Child 5080, MediaDecoderStateMachine #1] WARNING: 1a8d7ee3c80 Could not set cubeb stream name.: file /builds/worker/checkouts/gecko/dom/media/AudioStream.cpp:367
1643524129497	Marionette	INFO	Stopped listening on port 61415

###!!! [Child][RunMessage] Error: Channel closing: too late to send/recv, messages will be lost

1643524380949	geckodriver	INFO	Listening on 127.0.0.1:64328
1643524383999	mozrunner::runner	INFO	Running command: "C:\\Program Files\\Mozilla Firefox\\firefox.exe" "--marionette" "-no-remote" "-profile" "C:\\Users\\Rajan\\AppData\\Local\\Temp\\rust_mozprofilemoyviK"
1643524384491	Marionette	INFO	Marionette enabled
console.warn: SearchSettings: "get: No settings file exists, new profile?" (new NotFoundError("Could not open the file at C:\\Users\\Rajan\\AppData\\Local\\Temp\\rust_mozprofilemoyviK\\search.json.mozlz4", (void 0)))
1643524386491	Marionette	INFO	Listening on port 64336
1643524386657	RemoteAgent	WARN	TLS certificate errors will be ignored for this session
console.warn: LoginRecipes: "getRecipes: falling back to a synchronous message for:" "https://stackoverflow.com"
console.warn: LoginRecipes: "getRecipes: falling back to a synchronous message for:" "https://stackoverflow.com"
console.warn: LoginRecipes: "getRecipes: falling back to a synchronous message for:" "https://stackoverflow.com"
console.warn: LoginRecipes: "getRecipes: falling back to a synchronous message for:" "https://accounts.google.com"
console.warn: LoginRecipes: "getRecipes: falling back to a synchronous message for:" "https://accounts.google.com"
JavaScript warning: https://accounts.google.com/o/oauth2/auth?client_id=717762328687-iludtf96g1hinl76e4lc1b9a82g457nn.apps.googleusercontent.com&scope=profile+email&redirect_uri=https%3a%2f%2fstackauth.com%2fauth%2foauth2%2fgoogle&state=%7b%22sid%22%3a1%2c%22st%22%3a%2259%3a3%3abbc%2c16%3affb0b8ebe6da432d%2c10%3a1643524393%2c16%3aa61577fcda84f8af%2cf41a7f42126f216817224cf17334076b6bf3aeb91d6f72dc97fc1d3c47ecc768%22%2c%22cid%22%3a%22717762328687-iludtf96g1hinl76e4lc1b9a82g457nn.apps.googleusercontent.com%22%2c%22k%22%3a%22Google%22%2c%22ses%22%3a%22e5e18694644d4a85bb09d94dabac762f%22%7d&response_type=code line 1 > eval line 7131 > eval line 1 > eval, line 1: WEBGL_debug_renderer_info is deprecated in Firefox and will be removed. Please use RENDERER.
console.warn: LoginRecipes: "getRecipes: falling back to a synchronous message for:" "https://accounts.google.com"
JavaScript warning: https://accounts.google.com/o/oauth2/auth?client_id=717762328687-iludtf96g1hinl76e4lc1b9a82g457nn.apps.googleusercontent.com&scope=profile+email&redirect_uri=https%3a%2f%2fstackauth.com%2fauth%2foauth2%2fgoogle&state=%7b%22sid%22%3a1%2c%22st%22%3a%2259%3a3%3abbc%2c16%3affb0b8ebe6da432d%2c10%3a1643524393%2c16%3aa61577fcda84f8af%2cf41a7f42126f216817224cf17334076b6bf3aeb91d6f72dc97fc1d3c47ecc768%22%2c%22cid%22%3a%22717762328687-iludtf96g1hinl76e4lc1b9a82g457nn.apps.googleusercontent.com%22%2c%22k%22%3a%22Google%22%2c%22ses%22%3a%22e5e18694644d4a85bb09d94dabac762f%22%7d&response_type=code line 1 > eval line 6429 > eval line 1 > eval, line 1: WEBGL_debug_renderer_info is deprecated in Firefox and will be removed. Please use RENDERER.
console.warn: LoginRecipes: "getRecipes: falling back to a synchronous message for:" "https://accounts.google.com"
console.warn: LoginRecipes: "getRecipes: falling back to a synchronous message for:" "https://accounts.google.com"
JavaScript error: resource://gre/modules/LoginManagerParent.jsm, line 136: TypeError: gRecipeManager is null
console.warn: LoginRecipes: "getRecipes: falling back to a synchronous message for:" "https://accounts.google.com"
JavaScript error: resource://gre/modules/LoginManagerParent.jsm, line 136: TypeError: gRecipeManager is null
1643524401634	Marionette	WARN	Ignoring event 'DOMContentLoaded' because document has an invalid readyState of 'complete'.
JavaScript warning: https://meet.google.com/_/scs/mss-static/_/js/k=boq-rtc.MeetingsUi.en.1nTDxp9su3I.2020.O/ck=boq-rtc.MeetingsUi.PvjT-QkijoU.L.F4.O/am=wgFggABIwwAEgFD0ZxEgLACCAAAAGHAgkx8AAACAwAAEnAFggCQQAAgCCMgMAKhgAAD-BBCAQcAAAAE/d=1/exm=LEikZe,_b,_tp,byfTOb,lsjVmc/excm=_b,_tp,calldesktoppageview/esmo=1/ed=1/wt=2/rs=AL5CKSF_1YgRHaPavf0y3I803cC_zVyLlA/ee=cEt90b:ws9Tlc;yxTchf:KUM7Z;qddgKe:xQtZb;uY49fb:COQbmf;Oj465e:KG2eXe;nAFL3:s39S4;oGtAuc:sOXFj;iFQyKf:QIhFr;SVOR2e:RqS4qe;wR5FRb:O1Gjze;dIoSBb:SpsfSb;BjCzpe:Yvr34d;j2rcye:KiD3i;RYWUUc:anescc;BVZWad:llTWPd;kqpyR:oFF0ab;gAClPb:ghdkwd;ZaFVgc:wOWhl;b3iZcb:celsfc;h315Eb:VkDogc;giw6qf:EcLnpd;iKsOgb:cWjcJb;eBAeSb:zbML3c;CG6AQc:krpgkb;hoquJe:EjBUIf;MJ6mxb:ubdYZ;BRmVff:HS5Yaf;PRDQhf:ux3mLc;zWcMwf:K9Wjeb;rUAape:NePQb;w1T0Td:xpWMVc;l6twR:Fvyyad;SIjcAd:jrKD8b;jtBjNe:dWHZee;lJ7cgb:Erp0q;NSEoX:lazG7b;X6zUkd:u0z0vd;cFl0Ie:PWJipc;cYTQve:bmEjgc;rI0Pr:Cqvedd;x2i2de:zeWni;BVdD3:kUrwYe;brLlgb:SCXWAb;reHXFb:qZ6i3c;XLRw3e:OcCk8d;brg6Gd:TlvL3b;YBihAb:oeIFub;esl3oe:Qz2vJf;dYFttf:ZRxAzc;NPKaK:SdcwHb;LBgRLc:SdcwHb;zxnPse:GkRiKb;EVNhjf:pw70Gc;vKM7Jb:cWjcJb;io8t5d:yDVVkb;j7137d:KG2eXe;ul9GGd:JrBFQb;sP4Vbe:VwDzFe;kMFpHd:blwjVc;pXdRYb:MdUzUe;SNUn3:ZwDk9d/m=n73qwf,ws9Tlc,IZT63,e5qFLc,GkRiKb,UUJqVe,O1Gjze,xUdipf,blwjVc,fKUV3e,aurFic,COQbmf,U0aPgd,ZwDk9d,V3dDOb,mI3LFb,XU5LFb,m9oV,hl,rrm,jKHFJb,WO9ee,T6U9J,lHoXXe,SFhYHb,rsr,oFF0ab,sVRBvb,AePfdf,KiD3i,RqS4qe,t8N1l,k2r0oe,nUMwj,FMq9Lb,g1cBhf,O6y8ed,PrPYRd,MpJwZc,NwH0H,OmgaI,lazG7b,g9HNd,MsyKad,ma,tQz2Ve,Yvr34d,XVMNvd,L1AAkb,KUM7Z,lfpdyf,Fl2dbf,fFdwef,GcAaod,rn9YO,Y0bgVb,s39S4,lwddkf,gychg,w9hDv,RMhBfe,tgTcU,lAg79c,TH1Apc,FJm4Gb,SdcwHb,aW3pY,P1S3zf,DM8swd,pw70Gc,EFQ78c,Ulmmrd,ZfAoz,mdR7q,Ivl8bd,kbLDWb,MdUzUe,I6YDgd,N5Lqpc,fgj8Rb,xQtZb,y4Nztd,gJzDyc,JNoxi,MI6k7c,kjKdXe,texUgd,xGC4Gb,llTWPd,EcLnpd,QIhFr,FYCkde,hKSk3e,FSOnAf,wfcdnd,cilABe,qexExd,DNsE7e,jdrlZe,sIckOb,swpmp,gtEOic,sszRX,wiZ2v,QQnX0,PQaYAf,oUdseb,sPwFo,CJeEuc,tZtmyd,Tnlgmf,dWHZee,LTMqbe,CvtcN,uRj5Ac,DPQwOe,DDvSYd,NNJERe,lPKSwe,hc6Ubd,IVuTze,yF5Ngd,Z7OaKe,ggZMAe,Lamzc,yDVVkb,SpsfSb,cWjcJb,zthRrb,NHietc,LgZW9b,Y87did,fPeTAb,KG2eXe,zbML3c,zbU9W,alwr6,Ebsiqd,ixOrqc,dlck6b,kmkrAf,n5Xbsc,Uas9Hd,BVgquf,a9EW5e,VwDzFe,JGjVRe,hIO81e,A7fCU,pjICDe, line 1716: WEBGL_debug_renderer_info is deprecated in Firefox and will be removed. Please use RENDERER.
[Child 5500, MediaDecoderStateMachine #1] WARNING: 177bb952e40 Could not set cubeb stream name.: file /builds/worker/checkouts/gecko/dom/media/AudioStream.cpp:367
JavaScript error: , line 0: uncaught exception: Object
JavaScript error: , line 0: uncaught exception: Object
JavaScript error: , line 0: uncaught exception: Object
JavaScript error: , line 0: uncaught exception: Object
JavaScript error: , line 0: uncaught exception: Object
JavaScript error: , line 0: uncaught exception: Object
JavaScript error: , line 0: uncaught exception: Object
JavaScript error: , line 0: uncaught exception: Object
JavaScript error: , line 0: uncaught exception: Object
JavaScript error: , line 0: uncaught exception: Object
JavaScript error: , line 0: uncaught exception: Object
[Child 5500, MediaDecoderStateMachine #1] WARNING: 177b5824d60 Could not set cubeb stream name.: file /builds/worker/checkouts/gecko/dom/media/AudioStream.cpp:367
1643524605681	Marionette	INFO	Stopped listening on port 64336
1643524800139	geckodriver	INFO	Listening on 127.0.0.1:52867
1643524803170	mozrunner::runner	INFO	Running command: "C:\\Program Files\\Mozilla Firefox\\firefox.exe" "--marionette" "-no-remote" "-profile" "C:\\Users\\Rajan\\AppData\\Local\\Temp\\rust_mozprofileQia5yU"
1643524803677	Marionette	INFO	Marionette enabled
console.warn: SearchSettings: "get: No settings file exists, new profile?" (new NotFoundError("Could not open the file at C:\\Users\\Rajan\\AppData\\Local\\Temp\\rust_mozprofileQia5yU\\search.json.mozlz4", (void 0)))
1643524805537	Marionette	INFO	Listening on port 52881
1643524805826	RemoteAgent	WARN	TLS certificate errors will be ignored for this session
console.warn: LoginRecipes: "getRecipes: falling back to a synchronous message for:" "https://stackoverflow.com"
console.warn: LoginRecipes: "getRecipes: falling back to a synchronous message for:" "https://stackoverflow.com"
console.warn: LoginRecipes: "getRecipes: falling back to a synchronous message for:" "https://stackoverflow.com"
console.warn: LoginRecipes: "getRecipes: falling back to a synchronous message for:" "https://accounts.google.com"
console.warn: LoginRecipes: "getRecipes: falling back to a synchronous message for:" "https://accounts.google.com"
JavaScript warning: https://accounts.google.com/o/oauth2/auth?client_id=717762328687-iludtf96g1hinl76e4lc1b9a82g457nn.apps.googleusercontent.com&scope=profile+email&redirect_uri=https%3a%2f%2fstackauth.com%2fauth%2foauth2%2fgoogle&state=%7b%22sid%22%3a1%2c%22st%22%3a%2259%3a3%3abbc%2c16%3a225658beb91dfa6f%2c10%3a1643524812%2c16%3aac8c7908ff7d1df0%2c1a5f1254bf8bd741a134996bd1dc594c8afb01ae7da0cdbd1f0b7d1b79fef15e%22%2c%22cid%22%3a%22717762328687-iludtf96g1hinl76e4lc1b9a82g457nn.apps.googleusercontent.com%22%2c%22k%22%3a%22Google%22%2c%22ses%22%3a%22eb445f0c43dc405b8b7e9bbb1bc2ccb7%22%7d&response_type=code line 1 > eval line 3649 > eval line 1 > eval, line 1: WEBGL_debug_renderer_info is deprecated in Firefox and will be removed. Please use RENDERER.
console.warn: LoginRecipes: "getRecipes: falling back to a synchronous message for:" "https://accounts.google.com"
JavaScript warning: https://accounts.google.com/o/oauth2/auth?client_id=717762328687-iludtf96g1hinl76e4lc1b9a82g457nn.apps.googleusercontent.com&scope=profile+email&redirect_uri=https%3a%2f%2fstackauth.com%2fauth%2foauth2%2fgoogle&state=%7b%22sid%22%3a1%2c%22st%22%3a%2259%3a3%3abbc%2c16%3a225658beb91dfa6f%2c10%3a1643524812%2c16%3aac8c7908ff7d1df0%2c1a5f1254bf8bd741a134996bd1dc594c8afb01ae7da0cdbd1f0b7d1b79fef15e%22%2c%22cid%22%3a%22717762328687-iludtf96g1hinl76e4lc1b9a82g457nn.apps.googleusercontent.com%22%2c%22k%22%3a%22Google%22%2c%22ses%22%3a%22eb445f0c43dc405b8b7e9bbb1bc2ccb7%22%7d&response_type=code line 1 > eval line 5162 > eval line 1 > eval, line 1: WEBGL_debug_renderer_info is deprecated in Firefox and will be removed. Please use RENDERER.
console.warn: LoginRecipes: "getRecipes: falling back to a synchronous message for:" "https://accounts.google.com"
console.warn: LoginRecipes: "getRecipes: falling back to a synchronous message for:" "https://accounts.google.com"
JavaScript error: resource://gre/modules/LoginManagerParent.jsm, line 136: TypeError: gRecipeManager is null
console.warn: LoginRecipes: "getRecipes: falling back to a synchronous message for:" "https://accounts.google.com"
JavaScript error: resource://gre/modules/LoginManagerParent.jsm, line 136: TypeError: gRecipeManager is null
1643524821862	Marionette	WARN	Ignoring event 'DOMContentLoaded' because document has an invalid readyState of 'complete'.
JavaScript warning: https://meet.google.com/_/scs/mss-static/_/js/k=boq-rtc.MeetingsUi.en.1nTDxp9su3I.2020.O/ck=boq-rtc.MeetingsUi.PvjT-QkijoU.L.F4.O/am=wgFggABIwwAEgFD0ZxEgLACCAAAAGHAgkx8AAACAwAAEnAFggCQQAAgCCMgMAKhgAAD-BJCAQcAAAAE/d=1/exm=LEikZe,_b,_tp,byfTOb,lsjVmc/excm=_b,_tp,calldesktoppageview/esmo=1/ed=1/wt=2/rs=AL5CKSEfMDKOyyOTVtLI6suWJqn900HtKw/ee=cEt90b:ws9Tlc;yxTchf:KUM7Z;qddgKe:xQtZb;uY49fb:COQbmf;Oj465e:KG2eXe;nAFL3:s39S4;oGtAuc:sOXFj;iFQyKf:QIhFr;SVOR2e:RqS4qe;wR5FRb:O1Gjze;dIoSBb:SpsfSb;BjCzpe:Yvr34d;j2rcye:KiD3i;RYWUUc:anescc;BVZWad:llTWPd;kqpyR:oFF0ab;gAClPb:ghdkwd;ZaFVgc:wOWhl;b3iZcb:celsfc;h315Eb:VkDogc;giw6qf:EcLnpd;iKsOgb:cWjcJb;eBAeSb:zbML3c;CG6AQc:krpgkb;hoquJe:EjBUIf;MJ6mxb:ubdYZ;BRmVff:HS5Yaf;PRDQhf:ux3mLc;zWcMwf:K9Wjeb;rUAape:NePQb;w1T0Td:xpWMVc;l6twR:Fvyyad;SIjcAd:jrKD8b;jtBjNe:dWHZee;lJ7cgb:Erp0q;NSEoX:lazG7b;X6zUkd:u0z0vd;cFl0Ie:PWJipc;cYTQve:bmEjgc;rI0Pr:Cqvedd;x2i2de:zeWni;BVdD3:kUrwYe;brLlgb:SCXWAb;reHXFb:qZ6i3c;XLRw3e:OcCk8d;brg6Gd:TlvL3b;YBihAb:oeIFub;esl3oe:Qz2vJf;dYFttf:ZRxAzc;NPKaK:SdcwHb;LBgRLc:SdcwHb;zxnPse:GkRiKb;EVNhjf:pw70Gc;vKM7Jb:cWjcJb;io8t5d:yDVVkb;j7137d:KG2eXe;ul9GGd:JrBFQb;sP4Vbe:VwDzFe;kMFpHd:blwjVc;pXdRYb:MdUzUe;SNUn3:ZwDk9d/m=n73qwf,ws9Tlc,IZT63,e5qFLc,GkRiKb,UUJqVe,O1Gjze,xUdipf,blwjVc,fKUV3e,aurFic,COQbmf,U0aPgd,ZwDk9d,V3dDOb,mI3LFb,XU5LFb,m9oV,hl,rrm,jKHFJb,WO9ee,T6U9J,lHoXXe,SFhYHb,rsr,oFF0ab,sVRBvb,AePfdf,KiD3i,RqS4qe,t8N1l,k2r0oe,nUMwj,FMq9Lb,g1cBhf,O6y8ed,PrPYRd,MpJwZc,NwH0H,OmgaI,lazG7b,g9HNd,MsyKad,ma,tQz2Ve,Yvr34d,XVMNvd,L1AAkb,KUM7Z,lfpdyf,Fl2dbf,fFdwef,GcAaod,rn9YO,Y0bgVb,s39S4,lwddkf,gychg,w9hDv,RMhBfe,tgTcU,lAg79c,TH1Apc,FJm4Gb,SdcwHb,aW3pY,P1S3zf,DM8swd,pw70Gc,EFQ78c,Ulmmrd,ZfAoz,mdR7q,Ivl8bd,kbLDWb,MdUzUe,I6YDgd,N5Lqpc,fgj8Rb,xQtZb,y4Nztd,gJzDyc,JNoxi,MI6k7c,kjKdXe,texUgd,xGC4Gb,llTWPd,EcLnpd,QIhFr,FYCkde,hKSk3e,FSOnAf,wfcdnd,cilABe,qexExd,DNsE7e,jdrlZe,sIckOb,swpmp,gtEOic,sszRX,wiZ2v,QQnX0,PQaYAf,oUdseb,sPwFo,CJeEuc,tZtmyd,Tnlgmf,dWHZee,LTMqbe,CvtcN,uRj5Ac,DPQwOe,DDvSYd,NNJERe,lPKSwe,hc6Ubd,IVuTze,yF5Ngd,Z7OaKe,ggZMAe,Lamzc,yDVVkb,SpsfSb,cWjcJb,zthRrb,NHietc,LgZW9b,Y87did,fPeTAb,KG2eXe,zbML3c,zbU9W,alwr6,Ebsiqd,ixOrqc,dlck6b,kmkrAf,n5Xbsc,Uas9Hd,BVgquf,a9EW5e,VwDzFe,JGjVRe,hIO81e,A7fCU,pjICDe, line 1716: WEBGL_debug_renderer_info is deprecated in Firefox and will be removed. Please use RENDERER.
[Child 15904, MediaDecoderStateMachine #1] WARNING: 2b7ff961120 Could not set cubeb stream name.: file /builds/worker/checkouts/gecko/dom/media/AudioStream.cpp:367
JavaScript error: , line 0: uncaught exception: Object
JavaScript error: , line 0: uncaught exception: Object
JavaScript error: , line 0: uncaught exception: Object
JavaScript error: , line 0: uncaught exception: Object
JavaScript error: , line 0: uncaught exception: Object
JavaScript error: , line 0: uncaught exception: Object
JavaScript error: , line 0: uncaught exception: Object
JavaScript error: , line 0: uncaught exception: Object
JavaScript error: , line 0: uncaught exception: Object
JavaScript error: , line 0: uncaught exception: Object
JavaScript error: , line 0: uncaught exception: Object
[Child 15904, MediaDecoderStateMachine #1] WARNING: 2b7fc956580 Could not set cubeb stream name.: file /builds/worker/checkouts/gecko/dom/media/AudioStream.cpp:367
1643525025959	Marionette	INFO	Stopped listening on port 52881

###!!! [Parent][MessageChannel] Error: (msgtype=0x3A014F,name=PContent::Reply_DiscardBrowsingContext) Closed channel: cannot send/recv


###!!! [Parent][MessageChannel] Error: (msgtype=0x3A007A,name=PContent::Msg_DestroyBrowsingContextGroup) Closed channel: cannot send/recv


###!!! [Child][RunMessage] Error: Channel closing: too late to send/recv, messages will be lost

1643525220096	geckodriver	INFO	Listening on 127.0.0.1:61726
1643525223179	mozrunner::runner	INFO	Running command: "C:\\Program Files\\Mozilla Firefox\\firefox.exe" "--marionette" "-no-remote" "-profile" "C:\\Users\\Rajan\\AppData\\Local\\Temp\\rust_mozprofileQ71dA8"
1643525223667	Marionette	INFO	Marionette enabled
console.warn: SearchSettings: "get: No settings file exists, new profile?" (new NotFoundError("Could not open the file at C:\\Users\\Rajan\\AppData\\Local\\Temp\\rust_mozprofileQ71dA8\\search.json.mozlz4", (void 0)))
1643525225690	Marionette	INFO	Listening on port 61735
1643525225832	RemoteAgent	WARN	TLS certificate errors will be ignored for this session
console.warn: LoginRecipes: "getRecipes: falling back to a synchronous message for:" "https://stackoverflow.com"
console.warn: LoginRecipes: "getRecipes: falling back to a synchronous message for:" "https://stackoverflow.com"
console.warn: LoginRecipes: "getRecipes: falling back to a synchronous message for:" "https://stackoverflow.com"
console.warn: LoginRecipes: "getRecipes: falling back to a synchronous message for:" "https://accounts.google.com"
console.warn: LoginRecipes: "getRecipes: falling back to a synchronous message for:" "https://accounts.google.com"
JavaScript warning: https://accounts.google.com/o/oauth2/auth?client_id=717762328687-iludtf96g1hinl76e4lc1b9a82g457nn.apps.googleusercontent.com&scope=profile+email&redirect_uri=https%3a%2f%2fstackauth.com%2fauth%2foauth2%2fgoogle&state=%7b%22sid%22%3a1%2c%22st%22%3a%2259%3a3%3abbc%2c16%3a8079c67b5858924b%2c10%3a1643525232%2c16%3adc9dd0578d2daf6e%2c0faffcaad36840d7531203e3bccc8c1d96d70ea31b9b608cb652badc4c7264cb%22%2c%22cid%22%3a%22717762328687-iludtf96g1hinl76e4lc1b9a82g457nn.apps.googleusercontent.com%22%2c%22k%22%3a%22Google%22%2c%22ses%22%3a%225d447cbd7cfa4454a76cd0c146176512%22%7d&response_type=code line 1 > eval line 3495 > eval, line 1: WEBGL_debug_renderer_info is deprecated in Firefox and will be removed. Please use RENDERER.
console.warn: LoginRecipes: "getRecipes: falling back to a synchronous message for:" "https://accounts.google.com"
JavaScript warning: https://accounts.google.com/o/oauth2/auth?client_id=717762328687-iludtf96g1hinl76e4lc1b9a82g457nn.apps.googleusercontent.com&scope=profile+email&redirect_uri=https%3a%2f%2fstackauth.com%2fauth%2foauth2%2fgoogle&state=%7b%22sid%22%3a1%2c%22st%22%3a%2259%3a3%3abbc%2c16%3a8079c67b5858924b%2c10%3a1643525232%2c16%3adc9dd0578d2daf6e%2c0faffcaad36840d7531203e3bccc8c1d96d70ea31b9b608cb652badc4c7264cb%22%2c%22cid%22%3a%22717762328687-iludtf96g1hinl76e4lc1b9a82g457nn.apps.googleusercontent.com%22%2c%22k%22%3a%22Google%22%2c%22ses%22%3a%225d447cbd7cfa4454a76cd0c146176512%22%7d&response_type=code line 1 > eval line 7145 > eval, line 1: WEBGL_debug_renderer_info is deprecated in Firefox and will be removed. Please use RENDERER.
console.warn: LoginRecipes: "getRecipes: falling back to a synchronous message for:" "https://accounts.google.com"
console.warn: LoginRecipes: "getRecipes: falling back to a synchronous message for:" "https://accounts.google.com"
JavaScript error: resource://gre/modules/LoginManagerParent.jsm, line 136: TypeError: gRecipeManager is null
console.warn: LoginRecipes: "getRecipes: falling back to a synchronous message for:" "https://accounts.google.com"
JavaScript error: resource://gre/modules/LoginManagerParent.jsm, line 136: TypeError: gRecipeManager is null
1643525240416	Marionette	WARN	Ignoring event 'DOMContentLoaded' because document has an invalid readyState of 'complete'.
JavaScript warning: https://meet.google.com/_/scs/mss-static/_/js/k=boq-rtc.MeetingsUi.en.1nTDxp9su3I.2020.O/ck=boq-rtc.MeetingsUi.PvjT-QkijoU.L.F4.O/am=wgFggABIwwAEgFD0ZxEgLACCAAAAGHAgkx8AAACAwAAEnAFggCQQAAgCCMgMAKhgAAD-BJCAQcAAAAE/d=1/exm=LEikZe,_b,_tp,byfTOb,lsjVmc/excm=_b,_tp,calldesktoppageview/esmo=1/ed=1/wt=2/rs=AL5CKSEfMDKOyyOTVtLI6suWJqn900HtKw/ee=cEt90b:ws9Tlc;yxTchf:KUM7Z;qddgKe:xQtZb;uY49fb:COQbmf;Oj465e:KG2eXe;nAFL3:s39S4;oGtAuc:sOXFj;iFQyKf:QIhFr;SVOR2e:RqS4qe;wR5FRb:O1Gjze;dIoSBb:SpsfSb;BjCzpe:Yvr34d;j2rcye:KiD3i;RYWUUc:anescc;BVZWad:llTWPd;kqpyR:oFF0ab;gAClPb:ghdkwd;ZaFVgc:wOWhl;b3iZcb:celsfc;h315Eb:VkDogc;giw6qf:EcLnpd;iKsOgb:cWjcJb;eBAeSb:zbML3c;CG6AQc:krpgkb;hoquJe:EjBUIf;MJ6mxb:ubdYZ;BRmVff:HS5Yaf;PRDQhf:ux3mLc;zWcMwf:K9Wjeb;rUAape:NePQb;w1T0Td:xpWMVc;l6twR:Fvyyad;SIjcAd:jrKD8b;jtBjNe:dWHZee;lJ7cgb:Erp0q;NSEoX:lazG7b;X6zUkd:u0z0vd;cFl0Ie:PWJipc;cYTQve:bmEjgc;rI0Pr:Cqvedd;x2i2de:zeWni;BVdD3:kUrwYe;brLlgb:SCXWAb;reHXFb:qZ6i3c;XLRw3e:OcCk8d;brg6Gd:TlvL3b;YBihAb:oeIFub;esl3oe:Qz2vJf;dYFttf:ZRxAzc;NPKaK:SdcwHb;LBgRLc:SdcwHb;zxnPse:GkRiKb;EVNhjf:pw70Gc;vKM7Jb:cWjcJb;io8t5d:yDVVkb;j7137d:KG2eXe;ul9GGd:JrBFQb;sP4Vbe:VwDzFe;kMFpHd:blwjVc;pXdRYb:MdUzUe;SNUn3:ZwDk9d/m=n73qwf,ws9Tlc,IZT63,e5qFLc,GkRiKb,UUJqVe,O1Gjze,xUdipf,blwjVc,fKUV3e,aurFic,COQbmf,U0aPgd,ZwDk9d,V3dDOb,mI3LFb,XU5LFb,m9oV,hl,rrm,jKHFJb,WO9ee,T6U9J,lHoXXe,SFhYHb,rsr,oFF0ab,sVRBvb,AePfdf,KiD3i,RqS4qe,t8N1l,k2r0oe,nUMwj,FMq9Lb,g1cBhf,O6y8ed,PrPYRd,MpJwZc,NwH0H,OmgaI,lazG7b,g9HNd,MsyKad,ma,tQz2Ve,Yvr34d,XVMNvd,L1AAkb,KUM7Z,lfpdyf,Fl2dbf,fFdwef,GcAaod,rn9YO,Y0bgVb,s39S4,lwddkf,gychg,w9hDv,RMhBfe,tgTcU,lAg79c,TH1Apc,FJm4Gb,SdcwHb,aW3pY,P1S3zf,DM8swd,pw70Gc,EFQ78c,Ulmmrd,ZfAoz,mdR7q,Ivl8bd,kbLDWb,MdUzUe,I6YDgd,N5Lqpc,fgj8Rb,xQtZb,y4Nztd,gJzDyc,JNoxi,MI6k7c,kjKdXe,texUgd,xGC4Gb,llTWPd,EcLnpd,QIhFr,FYCkde,hKSk3e,FSOnAf,wfcdnd,cilABe,qexExd,DNsE7e,jdrlZe,sIckOb,swpmp,gtEOic,sszRX,wiZ2v,QQnX0,PQaYAf,oUdseb,sPwFo,CJeEuc,tZtmyd,Tnlgmf,dWHZee,LTMqbe,CvtcN,uRj5Ac,DPQwOe,DDvSYd,NNJERe,lPKSwe,hc6Ubd,IVuTze,yF5Ngd,Z7OaKe,ggZMAe,Lamzc,yDVVkb,SpsfSb,cWjcJb,zthRrb,NHietc,LgZW9b,Y87did,fPeTAb,KG2eXe,zbML3c,zbU9W,alwr6,Ebsiqd,ixOrqc,dlck6b,kmkrAf,n5Xbsc,Uas9Hd,BVgquf,a9EW5e,VwDzFe,JGjVRe,hIO81e,A7fCU,pjICDe, line 1716: WEBGL_debug_renderer_info is deprecated in Firefox and will be removed. Please use RENDERER.
[Child 11512, MediaDecoderStateMachine #1] WARNING: 29330e60820 Could not set cubeb stream name.: file /builds/worker/checkouts/gecko/dom/media/AudioStream.cpp:367
JavaScript error: , line 0: uncaught exception: Object
JavaScript error: , line 0: uncaught exception: Object
JavaScript error: , line 0: uncaught exception: Object
JavaScript error: , line 0: uncaught exception: Object
JavaScript error: , line 0: uncaught exception: Object
JavaScript error: , line 0: uncaught exception: Object
JavaScript error: , line 0: uncaught exception: Object
JavaScript error: , line 0: uncaught exception: Object
JavaScript error: , line 0: uncaught exception: Object
JavaScript error: , line 0: uncaught exception: Object
JavaScript error: , line 0: uncaught exception: Object
[Child 11512, MediaDecoderStateMachine #1] WARNING: 2932b8f14a0 Could not set cubeb stream name.: file /builds/worker/checkouts/gecko/dom/media/AudioStream.cpp:367
1643525520953	geckodriver	INFO	Listening on 127.0.0.1:61865
1643525523995	mozrunner::runner	INFO	Running command: "C:\\Program Files\\Mozilla Firefox\\firefox.exe" "--marionette" "-no-remote" "-profile" "C:\\Users\\Rajan\\AppData\\Local\\Temp\\rust_mozprofile1weIiz"
1643525524530	Marionette	INFO	Marionette enabled
console.warn: SearchSettings: "get: No settings file exists, new profile?" (new NotFoundError("Could not open the file at C:\\Users\\Rajan\\AppData\\Local\\Temp\\rust_mozprofile1weIiz\\search.json.mozlz4", (void 0)))
1643525526507	Marionette	INFO	Listening on port 61873
1643525526666	RemoteAgent	WARN	TLS certificate errors will be ignored for this session
console.warn: LoginRecipes: "getRecipes: falling back to a synchronous message for:" "https://stackoverflow.com"
console.warn: LoginRecipes: "getRecipes: falling back to a synchronous message for:" "https://stackoverflow.com"
console.warn: LoginRecipes: "getRecipes: falling back to a synchronous message for:" "https://stackoverflow.com"
console.warn: LoginRecipes: "getRecipes: falling back to a synchronous message for:" "https://accounts.google.com"
console.warn: LoginRecipes: "getRecipes: falling back to a synchronous message for:" "https://accounts.google.com"
JavaScript warning: https://accounts.google.com/o/oauth2/auth?client_id=717762328687-iludtf96g1hinl76e4lc1b9a82g457nn.apps.googleusercontent.com&scope=profile+email&redirect_uri=https%3a%2f%2fstackauth.com%2fauth%2foauth2%2fgoogle&state=%7b%22sid%22%3a1%2c%22st%22%3a%2259%3a3%3abbc%2c16%3a6d24bbedd0079030%2c10%3a1643525533%2c16%3a5a6195c0ba31be49%2ce50afee0cad80d9a4536c46a2de63c42494f0149744b4177d4105092d55063b7%22%2c%22cid%22%3a%22717762328687-iludtf96g1hinl76e4lc1b9a82g457nn.apps.googleusercontent.com%22%2c%22k%22%3a%22Google%22%2c%22ses%22%3a%223210034b408045ffa6f4fc57578ed55e%22%7d&response_type=code line 1 > eval line 816 > eval, line 1: WEBGL_debug_renderer_info is deprecated in Firefox and will be removed. Please use RENDERER.
console.warn: LoginRecipes: "getRecipes: falling back to a synchronous message for:" "https://accounts.google.com"
JavaScript warning: https://accounts.google.com/o/oauth2/auth?client_id=717762328687-iludtf96g1hinl76e4lc1b9a82g457nn.apps.googleusercontent.com&scope=profile+email&redirect_uri=https%3a%2f%2fstackauth.com%2fauth%2foauth2%2fgoogle&state=%7b%22sid%22%3a1%2c%22st%22%3a%2259%3a3%3abbc%2c16%3a6d24bbedd0079030%2c10%3a1643525533%2c16%3a5a6195c0ba31be49%2ce50afee0cad80d9a4536c46a2de63c42494f0149744b4177d4105092d55063b7%22%2c%22cid%22%3a%22717762328687-iludtf96g1hinl76e4lc1b9a82g457nn.apps.googleusercontent.com%22%2c%22k%22%3a%22Google%22%2c%22ses%22%3a%223210034b408045ffa6f4fc57578ed55e%22%7d&response_type=code line 1 > eval line 4848 > eval, line 1: WEBGL_debug_renderer_info is deprecated in Firefox and will be removed. Please use RENDERER.
console.warn: LoginRecipes: "getRecipes: falling back to a synchronous message for:" "https://accounts.google.com"
console.warn: LoginRecipes: "getRecipes: falling back to a synchronous message for:" "https://accounts.google.com"
JavaScript error: resource://gre/modules/LoginManagerParent.jsm, line 136: TypeError: gRecipeManager is null
console.warn: LoginRecipes: "getRecipes: falling back to a synchronous message for:" "https://accounts.google.com"
JavaScript error: resource://gre/modules/LoginManagerParent.jsm, line 136: TypeError: gRecipeManager is null
1643525541795	Marionette	WARN	Ignoring event 'DOMContentLoaded' because document has an invalid readyState of 'complete'.
JavaScript warning: https://meet.google.com/_/scs/mss-static/_/js/k=boq-rtc.MeetingsUi.en.1nTDxp9su3I.2020.O/ck=boq-rtc.MeetingsUi.PvjT-QkijoU.L.F4.O/am=wgFggABIwwAEgFD0ZxEgLACCAAAAGHAgkx8AAACAwAAEnAFggCQQAAgCCMgMAKhgAAD-BJCAQcAAAAE/d=1/exm=LEikZe,_b,_tp,byfTOb,lsjVmc/excm=_b,_tp,calldesktoppageview/esmo=1/ed=1/wt=2/rs=AL5CKSEfMDKOyyOTVtLI6suWJqn900HtKw/ee=cEt90b:ws9Tlc;yxTchf:KUM7Z;qddgKe:xQtZb;uY49fb:COQbmf;Oj465e:KG2eXe;nAFL3:s39S4;oGtAuc:sOXFj;iFQyKf:QIhFr;SVOR2e:RqS4qe;wR5FRb:O1Gjze;dIoSBb:SpsfSb;BjCzpe:Yvr34d;j2rcye:KiD3i;RYWUUc:anescc;BVZWad:llTWPd;kqpyR:oFF0ab;gAClPb:ghdkwd;ZaFVgc:wOWhl;b3iZcb:celsfc;h315Eb:VkDogc;giw6qf:EcLnpd;iKsOgb:cWjcJb;eBAeSb:zbML3c;CG6AQc:krpgkb;hoquJe:EjBUIf;MJ6mxb:ubdYZ;BRmVff:HS5Yaf;PRDQhf:ux3mLc;zWcMwf:K9Wjeb;rUAape:NePQb;w1T0Td:xpWMVc;l6twR:Fvyyad;SIjcAd:jrKD8b;jtBjNe:dWHZee;lJ7cgb:Erp0q;NSEoX:lazG7b;X6zUkd:u0z0vd;cFl0Ie:PWJipc;cYTQve:bmEjgc;rI0Pr:Cqvedd;x2i2de:zeWni;BVdD3:kUrwYe;brLlgb:SCXWAb;reHXFb:qZ6i3c;XLRw3e:OcCk8d;brg6Gd:TlvL3b;YBihAb:oeIFub;esl3oe:Qz2vJf;dYFttf:ZRxAzc;NPKaK:SdcwHb;LBgRLc:SdcwHb;zxnPse:GkRiKb;EVNhjf:pw70Gc;vKM7Jb:cWjcJb;io8t5d:yDVVkb;j7137d:KG2eXe;ul9GGd:JrBFQb;sP4Vbe:VwDzFe;kMFpHd:blwjVc;pXdRYb:MdUzUe;SNUn3:ZwDk9d/m=n73qwf,ws9Tlc,IZT63,e5qFLc,GkRiKb,UUJqVe,O1Gjze,xUdipf,blwjVc,fKUV3e,aurFic,COQbmf,U0aPgd,ZwDk9d,V3dDOb,mI3LFb,XU5LFb,m9oV,hl,rrm,jKHFJb,WO9ee,T6U9J,lHoXXe,SFhYHb,rsr,oFF0ab,sVRBvb,AePfdf,KiD3i,RqS4qe,t8N1l,k2r0oe,nUMwj,FMq9Lb,g1cBhf,O6y8ed,PrPYRd,MpJwZc,NwH0H,OmgaI,lazG7b,g9HNd,MsyKad,ma,tQz2Ve,Yvr34d,XVMNvd,L1AAkb,KUM7Z,lfpdyf,Fl2dbf,fFdwef,GcAaod,rn9YO,Y0bgVb,s39S4,lwddkf,gychg,w9hDv,RMhBfe,tgTcU,lAg79c,TH1Apc,FJm4Gb,SdcwHb,aW3pY,P1S3zf,DM8swd,pw70Gc,EFQ78c,Ulmmrd,ZfAoz,mdR7q,Ivl8bd,kbLDWb,MdUzUe,I6YDgd,N5Lqpc,fgj8Rb,xQtZb,y4Nztd,gJzDyc,JNoxi,MI6k7c,kjKdXe,texUgd,xGC4Gb,llTWPd,EcLnpd,QIhFr,FYCkde,hKSk3e,FSOnAf,wfcdnd,cilABe,qexExd,DNsE7e,jdrlZe,sIckOb,swpmp,gtEOic,sszRX,wiZ2v,QQnX0,PQaYAf,oUdseb,sPwFo,CJeEuc,tZtmyd,Tnlgmf,dWHZee,LTMqbe,CvtcN,uRj5Ac,DPQwOe,DDvSYd,NNJERe,lPKSwe,hc6Ubd,IVuTze,yF5Ngd,Z7OaKe,ggZMAe,Lamzc,yDVVkb,SpsfSb,cWjcJb,zthRrb,NHietc,LgZW9b,Y87did,fPeTAb,KG2eXe,zbML3c,zbU9W,alwr6,Ebsiqd,ixOrqc,dlck6b,kmkrAf,n5Xbsc,Uas9Hd,BVgquf,a9EW5e,VwDzFe,JGjVRe,hIO81e,A7fCU,pjICDe, line 1716: WEBGL_debug_renderer_info is deprecated in Firefox and will be removed. Please use RENDERER.
[Child 13432, MediaDecoderStateMachine #1] WARNING: 2272ea41580 Could not set cubeb stream name.: file /builds/worker/checkouts/gecko/dom/media/AudioStream.cpp:367
JavaScript error: , line 0: uncaught exception: Object
JavaScript error: , line 0: uncaught exception: Object
JavaScript error: , line 0: uncaught exception: Object
JavaScript error: , line 0: uncaught exception: Object
JavaScript error: , line 0: uncaught exception: Object
JavaScript error: , line 0: uncaught exception: Object
JavaScript error: , line 0: uncaught exception: Object
JavaScript error: , line 0: uncaught exception: Object
JavaScript error: , line 0: uncaught exception: Object
JavaScript error: , line 0: uncaught exception: Object
JavaScript error: , line 0: uncaught exception: Object
[Child 13432, MediaDecoderStateMachine #1] WARNING: 22727db33c0 Could not set cubeb stream name.: file /builds/worker/checkouts/gecko/dom/media/AudioStream.cpp:367
1643525745689	Marionette	INFO	Stopped listening on port 61873

###!!! [Parent][MessageChannel] Error: (msgtype=0x3A007A,name=PContent::Msg_DestroyBrowsingContextGroup) Closed channel: cannot send/recv


###!!! [Parent][RunMessage] Error: Channel closing: too late to send/recv, messages will be lost

